2021-04-04 03:26:52,998 DEBUG    root            Loaded Command Group: ['gcloud', 'auth']
2021-04-04 03:26:53,294 DEBUG    root            Loaded Command Group: ['gcloud', 'auth', 'login']
2021-04-04 03:26:53,297 DEBUG    root            Running [gcloud.auth.login] with arguments: []
2021-04-04 03:26:53,325 DEBUG    requests_oauthlib.oauth2_session Generated new state XDLxFtt6Eqii8GCEa2knDf91grtc1h.
2021-04-04 03:26:53,325 INFO     ___FILE_ONLY___ Go to the following link in your browser:

    https://accounts.google.com/o/oauth2/auth?response_type=code&client_id=32555940559.apps.googleusercontent.com&redirect_uri=urn%3Aietf%3Awg%3Aoauth%3A2.0%3Aoob&scope=openid+https%3A%2F%2Fwww.googleapis.com%2Fauth%2Fuserinfo.email+https%3A%2F%2Fwww.googleapis.com%2Fauth%2Fcloud-platform+https%3A%2F%2Fwww.googleapis.com%2Fauth%2Fappengine.admin+https%3A%2F%2Fwww.googleapis.com%2Fauth%2Fcompute+https%3A%2F%2Fwww.googleapis.com%2Fauth%2Faccounts.reauth&state=XDLxFtt6Eqii8GCEa2knDf91grtc1h&prompt=consent&access_type=offline&code_challenge=WoWGjWYTAJsweTOtNEDVApU5Fgzy9DBzOfyuZPRm9P0&code_challenge_method=S256


2021-04-04 03:27:16,617 DEBUG    requests_oauthlib.oauth2_session Requesting url https://oauth2.googleapis.com/token using method POST.
2021-04-04 03:27:16,617 DEBUG    requests_oauthlib.oauth2_session Supplying headers {b'Accept': b'application/json', b'Content-Type': b'application/x-www-form-urlencoded;charset=UTF-8', b'user-agent': b'google-cloud-sdk gcloud/334.0.0 command/gcloud.auth.login invocation-id/737f5c31d9be41b283dd8bb8c693403b environment/None environment-version/None interactive/True from-script/False python/3.8.5 term/xterm-256color (Linux 4.4.0-19041-Microsoft)'} and data {'grant_type': 'authorization_code', 'client_id': '32555940559.apps.googleusercontent.com', 'client_secret': 'ZmssLNjJy2998hD4CTg2ejr2', 'code': '4/1AY0e-g6CMlzNWApfSOkLrjUBvDj76Ixob1LXiX6hwHcpytM7uJnADVyngcE', 'redirect_uri': 'urn:ietf:wg:oauth:2.0:oob', 'code_verifier': 'SvE82qbiiUJ4Pd7gK9tRrJpbDrj7_Xe9g1sCk2z~~r7yd7V9.jpVRosB.gh1PBUEllIkrbC7Ah-Y-WFol_mZa0ssw..GbcVDetce0T-RysvOovAx0SsgK-.zKW1hM4YB'}
2021-04-04 03:27:16,617 DEBUG    requests_oauthlib.oauth2_session Passing through key word arguments {'json': None, 'timeout': None, 'auth': None, 'verify': True, 'proxies': None}.
2021-04-04 03:27:16,619 DEBUG    urllib3.connectionpool Starting new HTTPS connection (1): oauth2.googleapis.com:443
2021-04-04 03:27:16,794 DEBUG    urllib3.connectionpool https://oauth2.googleapis.com:443 "POST /token HTTP/1.1" 200 None
2021-04-04 03:27:16,799 DEBUG    requests_oauthlib.oauth2_session Prepared fetch token request body grant_type=authorization_code&client_id=32555940559.apps.googleusercontent.com&client_secret=ZmssLNjJy2998hD4CTg2ejr2&code=4%2F1AY0e-g6CMlzNWApfSOkLrjUBvDj76Ixob1LXiX6hwHcpytM7uJnADVyngcE&redirect_uri=urn%3Aietf%3Awg%3Aoauth%3A2.0%3Aoob&code_verifier=SvE82qbiiUJ4Pd7gK9tRrJpbDrj7_Xe9g1sCk2z~~r7yd7V9.jpVRosB.gh1PBUEllIkrbC7Ah-Y-WFol_mZa0ssw..GbcVDetce0T-RysvOovAx0SsgK-.zKW1hM4YB
2021-04-04 03:27:16,799 DEBUG    requests_oauthlib.oauth2_session Request to fetch token completed with status 200.
2021-04-04 03:27:16,800 DEBUG    requests_oauthlib.oauth2_session Request headers were {'user-agent': b'google-cloud-sdk gcloud/334.0.0 command/gcloud.auth.login invocation-id/737f5c31d9be41b283dd8bb8c693403b environment/None environment-version/None interactive/True from-script/False python/3.8.5 term/xterm-256color (Linux 4.4.0-19041-Microsoft)', 'Accept-Encoding': 'gzip, deflate', 'Accept': b'application/json', 'Connection': 'keep-alive', 'Content-Type': b'application/x-www-form-urlencoded;charset=UTF-8', 'Content-Length': '379'}
2021-04-04 03:27:16,800 DEBUG    requests_oauthlib.oauth2_session Request body was grant_type=authorization_code&client_id=32555940559.apps.googleusercontent.com&client_secret=ZmssLNjJy2998hD4CTg2ejr2&code=4%2F1AY0e-g6CMlzNWApfSOkLrjUBvDj76Ixob1LXiX6hwHcpytM7uJnADVyngcE&redirect_uri=urn%3Aietf%3Awg%3Aoauth%3A2.0%3Aoob&code_verifier=SvE82qbiiUJ4Pd7gK9tRrJpbDrj7_Xe9g1sCk2z~~r7yd7V9.jpVRosB.gh1PBUEllIkrbC7Ah-Y-WFol_mZa0ssw..GbcVDetce0T-RysvOovAx0SsgK-.zKW1hM4YB
2021-04-04 03:27:16,800 DEBUG    requests_oauthlib.oauth2_session Response headers were {'Expires': 'Mon, 01 Jan 1990 00:00:00 GMT', 'Date': 'Sun, 04 Apr 2021 08:27:16 GMT', 'Pragma': 'no-cache', 'Cache-Control': 'no-cache, no-store, max-age=0, must-revalidate', 'Content-Type': 'application/json; charset=utf-8', 'Vary': 'Origin, X-Origin, Referer', 'Content-Encoding': 'gzip', 'Server': 'scaffolding on HTTPServer2', 'X-XSS-Protection': '0', 'X-Frame-Options': 'SAMEORIGIN', 'X-Content-Type-Options': 'nosniff', 'Alt-Svc': 'h3-29=":443"; ma=2592000,h3-T051=":443"; ma=2592000,h3-Q050=":443"; ma=2592000,h3-Q046=":443"; ma=2592000,h3-Q043=":443"; ma=2592000,quic=":443"; ma=2592000; v="46,43"', 'Transfer-Encoding': 'chunked'} and content {
  "access_token": "ya29.a0AfH6SMDY3cXmB8oBzj3B-hAn_mvFblo-7HsQB2Kevu3p2h592h6mSBGGpBwI6leGE8EZGJRM821WOKZsMgE5UGLeUSK5MqorREpPC6YfxO5_E43RNRO_-X2z49Bz9jBtWZICFag2NOw_DeYXSeW1qSIZo-MCseyPKRoU",
  "expires_in": 3599,
  "refresh_token": "1//04-9_yinl9tOeCgYIARAAGAQSNwF-L9IrUU56w6M8D67Z5hDW09wfO8ifedlmNmz7hF7fwK_2yFre9gQqAfbPgSqkRWbH0EYvPXQ",
  "scope": "https://www.googleapis.com/auth/cloud-platform https://www.googleapis.com/auth/accounts.reauth https://www.googleapis.com/auth/compute https://www.googleapis.com/auth/userinfo.email https://www.googleapis.com/auth/appengine.admin openid",
  "token_type": "Bearer",
  "id_token": "eyJhbGciOiJSUzI1NiIsImtpZCI6IjEzZThkNDVhNDNjYjIyNDIxNTRjN2Y0ZGFmYWMyOTMzZmVhMjAzNzQiLCJ0eXAiOiJKV1QifQ.eyJpc3MiOiJodHRwczovL2FjY291bnRzLmdvb2dsZS5jb20iLCJhenAiOiIzMjU1NTk0MDU1OS5hcHBzLmdvb2dsZXVzZXJjb250ZW50LmNvbSIsImF1ZCI6IjMyNTU1OTQwNTU5LmFwcHMuZ29vZ2xldXNlcmNvbnRlbnQuY29tIiwic3ViIjoiMTE3Mjg0MDU4NTUyNjgxNDk4OTAxIiwiZW1haWwiOiJqdWxpYW5ydWl6NzM3QGdtYWlsLmNvbSIsImVtYWlsX3ZlcmlmaWVkIjp0cnVlLCJhdF9oYXNoIjoiRGZqcmFmc2swQ3E2ZjAySWZNN0E2USIsImlhdCI6MTYxNzUyNDgzNiwiZXhwIjoxNjE3NTI4NDM2fQ.XA_04_UChYTBlLdM--aC6LYkCK0eFx8bKTC6A1kcwZzjcyOWLLr66aGmqW83W-H8982Oe5i59WB9c1MSrQlnVZ9MrcTUxBDx7Rkab3NhSbfDHiHUD_DGe9aDPWmMltOvyeGFIJe5B4V16vGzhoPVswnQqFxuUz8T6K57Qm7ujDQq1ewYZye1Rje8qpEmmBs4Wbem8CBHZQnyCdPwkTwcJ0g7KNN3uFSfwZhqtmD6pdhCk24E9pAJpo7w1k-b6W-sD8AOcGy8lfHb2dKLqXCh2WAIRozWLw63KhU3kLjrkZazNl5mxth_Zxgyj7lQgsXLQf5LcbF6h32DHRldzCozhw"
}.
2021-04-04 03:27:16,800 DEBUG    requests_oauthlib.oauth2_session Invoking 0 token response hooks.
2021-04-04 03:27:16,800 DEBUG    requests_oauthlib.oauth2_session Obtained token {'access_token': 'ya29.a0AfH6SMDY3cXmB8oBzj3B-hAn_mvFblo-7HsQB2Kevu3p2h592h6mSBGGpBwI6leGE8EZGJRM821WOKZsMgE5UGLeUSK5MqorREpPC6YfxO5_E43RNRO_-X2z49Bz9jBtWZICFag2NOw_DeYXSeW1qSIZo-MCseyPKRoU', 'expires_in': 3599, 'refresh_token': '1//04-9_yinl9tOeCgYIARAAGAQSNwF-L9IrUU56w6M8D67Z5hDW09wfO8ifedlmNmz7hF7fwK_2yFre9gQqAfbPgSqkRWbH0EYvPXQ', 'scope': ['https://www.googleapis.com/auth/cloud-platform', 'https://www.googleapis.com/auth/accounts.reauth', 'https://www.googleapis.com/auth/compute', 'https://www.googleapis.com/auth/userinfo.email', 'https://www.googleapis.com/auth/appengine.admin', 'openid'], 'token_type': 'Bearer', 'id_token': 'eyJhbGciOiJSUzI1NiIsImtpZCI6IjEzZThkNDVhNDNjYjIyNDIxNTRjN2Y0ZGFmYWMyOTMzZmVhMjAzNzQiLCJ0eXAiOiJKV1QifQ.eyJpc3MiOiJodHRwczovL2FjY291bnRzLmdvb2dsZS5jb20iLCJhenAiOiIzMjU1NTk0MDU1OS5hcHBzLmdvb2dsZXVzZXJjb250ZW50LmNvbSIsImF1ZCI6IjMyNTU1OTQwNTU5LmFwcHMuZ29vZ2xldXNlcmNvbnRlbnQuY29tIiwic3ViIjoiMTE3Mjg0MDU4NTUyNjgxNDk4OTAxIiwiZW1haWwiOiJqdWxpYW5ydWl6NzM3QGdtYWlsLmNvbSIsImVtYWlsX3ZlcmlmaWVkIjp0cnVlLCJhdF9oYXNoIjoiRGZqcmFmc2swQ3E2ZjAySWZNN0E2USIsImlhdCI6MTYxNzUyNDgzNiwiZXhwIjoxNjE3NTI4NDM2fQ.XA_04_UChYTBlLdM--aC6LYkCK0eFx8bKTC6A1kcwZzjcyOWLLr66aGmqW83W-H8982Oe5i59WB9c1MSrQlnVZ9MrcTUxBDx7Rkab3NhSbfDHiHUD_DGe9aDPWmMltOvyeGFIJe5B4V16vGzhoPVswnQqFxuUz8T6K57Qm7ujDQq1ewYZye1Rje8qpEmmBs4Wbem8CBHZQnyCdPwkTwcJ0g7KNN3uFSfwZhqtmD6pdhCk24E9pAJpo7w1k-b6W-sD8AOcGy8lfHb2dKLqXCh2WAIRozWLw63KhU3kLjrkZazNl5mxth_Zxgyj7lQgsXLQf5LcbF6h32DHRldzCozhw', 'expires_at': 1617528435.8005517}.
2021-04-04 03:27:16,885 INFO     ___FILE_ONLY___ 
You are now logged in as [julianruiz737@gmail.com].
Your current project is [None].  You can change this setting by running:
  $ gcloud config set project PROJECT_ID

2021-04-04 03:27:16,892 INFO     root            Display format: "none"
2021-04-04 03:27:17,108 DEBUG    root            Checking for updates...
2021-04-04 03:27:17,314 DEBUG    root            Updating notification cache...
