2021-04-04 03:30:41,872 DEBUG    root            Loaded Command Group: ['gcloud', 'auth']
2021-04-04 03:30:41,881 DEBUG    root            Loaded Command Group: ['gcloud', 'auth', 'application_default']
2021-04-04 03:30:42,161 DEBUG    root            Loaded Command Group: ['gcloud', 'auth', 'application-default', 'login']
2021-04-04 03:30:42,164 DEBUG    root            Running [gcloud.auth.application-default.login] with arguments: []
2021-04-04 03:30:42,181 DEBUG    requests_oauthlib.oauth2_session Generated new state d8ccLIWm2OHsGiNcmMU19cd9r6IRZB.
2021-04-04 03:30:42,183 INFO     ___FILE_ONLY___ Go to the following link in your browser:

    https://accounts.google.com/o/oauth2/auth?response_type=code&client_id=764086051850-6qr4p6gpi6hn506pt8ejuq83di341hur.apps.googleusercontent.com&redirect_uri=urn%3Aietf%3Awg%3Aoauth%3A2.0%3Aoob&scope=openid+https%3A%2F%2Fwww.googleapis.com%2Fauth%2Fuserinfo.email+https%3A%2F%2Fwww.googleapis.com%2Fauth%2Fcloud-platform+https%3A%2F%2Fwww.googleapis.com%2Fauth%2Faccounts.reauth&state=d8ccLIWm2OHsGiNcmMU19cd9r6IRZB&prompt=consent&access_type=offline&code_challenge=prVLVcrDK0m29URjqUBYtkNel7hxCR-nSQI-haCViUc&code_challenge_method=S256


2021-04-04 03:31:08,870 DEBUG    requests_oauthlib.oauth2_session Requesting url https://oauth2.googleapis.com/token using method POST.
2021-04-04 03:31:08,870 DEBUG    requests_oauthlib.oauth2_session Supplying headers {b'Accept': b'application/json', b'Content-Type': b'application/x-www-form-urlencoded;charset=UTF-8', b'user-agent': b'google-cloud-sdk gcloud/334.0.0 command/gcloud.auth.application-default.login invocation-id/cd007cf2ceaa41e9bc2b07e082e656d6 environment/None environment-version/None interactive/True from-script/False python/3.8.5 term/xterm-256color (Linux 4.4.0-19041-Microsoft)'} and data {'grant_type': 'authorization_code', 'client_id': '764086051850-6qr4p6gpi6hn506pt8ejuq83di341hur.apps.googleusercontent.com', 'client_secret': 'd-FL95Q19q7MQmFpd7hHD0Ty', 'code': '4/1AY0e-g5ty05le2fN5BxG0M4w-4J0Nsq8ZYGOOQNKptPSAwbom-wPkoyF4uk', 'redirect_uri': 'urn:ietf:wg:oauth:2.0:oob', 'code_verifier': 'sfT7R-Q7Dj~nN2ZwDW_.sXVmNPAMbkTAeRsAYh9thDJ_TAOoOZxrt-FVQ966z.otLVL0XWQZb5pf-ujLxqsD-ilC_oRD5xkoTa7hRLzmCDSOCQro4x.buwcokSt7JWtN'}
2021-04-04 03:31:08,870 DEBUG    requests_oauthlib.oauth2_session Passing through key word arguments {'json': None, 'timeout': None, 'auth': None, 'verify': True, 'proxies': None}.
2021-04-04 03:31:08,872 DEBUG    urllib3.connectionpool Starting new HTTPS connection (1): oauth2.googleapis.com:443
2021-04-04 03:31:09,087 DEBUG    urllib3.connectionpool https://oauth2.googleapis.com:443 "POST /token HTTP/1.1" 200 None
2021-04-04 03:31:09,088 DEBUG    requests_oauthlib.oauth2_session Prepared fetch token request body grant_type=authorization_code&client_id=764086051850-6qr4p6gpi6hn506pt8ejuq83di341hur.apps.googleusercontent.com&client_secret=d-FL95Q19q7MQmFpd7hHD0Ty&code=4%2F1AY0e-g5ty05le2fN5BxG0M4w-4J0Nsq8ZYGOOQNKptPSAwbom-wPkoyF4uk&redirect_uri=urn%3Aietf%3Awg%3Aoauth%3A2.0%3Aoob&code_verifier=sfT7R-Q7Dj~nN2ZwDW_.sXVmNPAMbkTAeRsAYh9thDJ_TAOoOZxrt-FVQ966z.otLVL0XWQZb5pf-ujLxqsD-ilC_oRD5xkoTa7hRLzmCDSOCQro4x.buwcokSt7JWtN
2021-04-04 03:31:09,088 DEBUG    requests_oauthlib.oauth2_session Request to fetch token completed with status 200.
2021-04-04 03:31:09,089 DEBUG    requests_oauthlib.oauth2_session Request headers were {'user-agent': b'google-cloud-sdk gcloud/334.0.0 command/gcloud.auth.application-default.login invocation-id/cd007cf2ceaa41e9bc2b07e082e656d6 environment/None environment-version/None interactive/True from-script/False python/3.8.5 term/xterm-256color (Linux 4.4.0-19041-Microsoft)', 'Accept-Encoding': 'gzip, deflate', 'Accept': b'application/json', 'Connection': 'keep-alive', 'Content-Type': b'application/x-www-form-urlencoded;charset=UTF-8', 'Content-Length': '413'}
2021-04-04 03:31:09,089 DEBUG    requests_oauthlib.oauth2_session Request body was grant_type=authorization_code&client_id=764086051850-6qr4p6gpi6hn506pt8ejuq83di341hur.apps.googleusercontent.com&client_secret=d-FL95Q19q7MQmFpd7hHD0Ty&code=4%2F1AY0e-g5ty05le2fN5BxG0M4w-4J0Nsq8ZYGOOQNKptPSAwbom-wPkoyF4uk&redirect_uri=urn%3Aietf%3Awg%3Aoauth%3A2.0%3Aoob&code_verifier=sfT7R-Q7Dj~nN2ZwDW_.sXVmNPAMbkTAeRsAYh9thDJ_TAOoOZxrt-FVQ966z.otLVL0XWQZb5pf-ujLxqsD-ilC_oRD5xkoTa7hRLzmCDSOCQro4x.buwcokSt7JWtN
2021-04-04 03:31:09,089 DEBUG    requests_oauthlib.oauth2_session Response headers were {'Cache-Control': 'no-cache, no-store, max-age=0, must-revalidate', 'Date': 'Sun, 04 Apr 2021 08:31:09 GMT', 'Pragma': 'no-cache', 'Expires': 'Mon, 01 Jan 1990 00:00:00 GMT', 'Content-Type': 'application/json; charset=utf-8', 'Vary': 'Origin, X-Origin, Referer', 'Content-Encoding': 'gzip', 'Server': 'scaffolding on HTTPServer2', 'X-XSS-Protection': '0', 'X-Frame-Options': 'SAMEORIGIN', 'X-Content-Type-Options': 'nosniff', 'Alt-Svc': 'h3-29=":443"; ma=2592000,h3-T051=":443"; ma=2592000,h3-Q050=":443"; ma=2592000,h3-Q046=":443"; ma=2592000,h3-Q043=":443"; ma=2592000,quic=":443"; ma=2592000; v="46,43"', 'Transfer-Encoding': 'chunked'} and content {
  "access_token": "ya29.a0AfH6SMC_40OQKeoQluhpTd3-fv4Kt5BS53l62slKgk1oSAJR6vJiDOI4WwmCAnakT879jnwv_CsSySE_Xu8KXYD0NJ1bzpP4P6m9DZW7-nOegv1AFQ52bI2bwjYw5xjIEAA2oQ6O8btHKitNDbRNXtnGIqkx",
  "expires_in": 3599,
  "refresh_token": "1//04-WRNXWZFDJPCgYIARAAGAQSNwF-L9IrgAWv3Rqw3GBwTpkjULVcKX2LPa4KY_SuSgBMQHVKVFL5ordGQxIJ_wfkczS_KqTvJe0",
  "scope": "https://www.googleapis.com/auth/userinfo.email https://www.googleapis.com/auth/accounts.reauth openid https://www.googleapis.com/auth/cloud-platform",
  "token_type": "Bearer",
  "id_token": "eyJhbGciOiJSUzI1NiIsImtpZCI6IjEzZThkNDVhNDNjYjIyNDIxNTRjN2Y0ZGFmYWMyOTMzZmVhMjAzNzQiLCJ0eXAiOiJKV1QifQ.eyJpc3MiOiJodHRwczovL2FjY291bnRzLmdvb2dsZS5jb20iLCJhenAiOiI3NjQwODYwNTE4NTAtNnFyNHA2Z3BpNmhuNTA2cHQ4ZWp1cTgzZGkzNDFodXIuYXBwcy5nb29nbGV1c2VyY29udGVudC5jb20iLCJhdWQiOiI3NjQwODYwNTE4NTAtNnFyNHA2Z3BpNmhuNTA2cHQ4ZWp1cTgzZGkzNDFodXIuYXBwcy5nb29nbGV1c2VyY29udGVudC5jb20iLCJzdWIiOiIxMTcyODQwNTg1NTI2ODE0OTg5MDEiLCJlbWFpbCI6Imp1bGlhbnJ1aXo3MzdAZ21haWwuY29tIiwiZW1haWxfdmVyaWZpZWQiOnRydWUsImF0X2hhc2giOiI4LUNfUXYwQUdjbnFSNUVqY1R1RHJnIiwiaWF0IjoxNjE3NTI1MDY5LCJleHAiOjE2MTc1Mjg2Njl9.YPudGaq_TJzm09heO4msgP2YRoPwrJAKXnko1F7pkvpU3LeLnGicX0GemWZ3CkbMA3pX9O1W2gUtCKTeZeuRNsMBZXTKHQm2BaeWW2dqcjfwEh3pY8roOmcBTIArsYYxRRtqEQyTN4Mni5_kh0LZdOdew1L4BK_XkJBTkM2GtvzLMMUfX6TX7_Ubcq6zJGmnuKPFIqz-9uFF4uawicQNLXRS7VSKMnsN5YwezKaRT0S0ARDjtlsaMFhUn4LuBcNWreO7uOs0b_s_RB6uQE2Bn0bSrPat7lb9znE6A0Chp79FQaN-mwbRtnIcsNDa4cBzCV6e2CTXhvb2iUORetS4hA"
}.
2021-04-04 03:31:09,089 DEBUG    requests_oauthlib.oauth2_session Invoking 0 token response hooks.
2021-04-04 03:31:09,090 DEBUG    requests_oauthlib.oauth2_session Obtained token {'access_token': 'ya29.a0AfH6SMC_40OQKeoQluhpTd3-fv4Kt5BS53l62slKgk1oSAJR6vJiDOI4WwmCAnakT879jnwv_CsSySE_Xu8KXYD0NJ1bzpP4P6m9DZW7-nOegv1AFQ52bI2bwjYw5xjIEAA2oQ6O8btHKitNDbRNXtnGIqkx', 'expires_in': 3599, 'refresh_token': '1//04-WRNXWZFDJPCgYIARAAGAQSNwF-L9IrgAWv3Rqw3GBwTpkjULVcKX2LPa4KY_SuSgBMQHVKVFL5ordGQxIJ_wfkczS_KqTvJe0', 'scope': ['https://www.googleapis.com/auth/userinfo.email', 'https://www.googleapis.com/auth/accounts.reauth', 'openid', 'https://www.googleapis.com/auth/cloud-platform'], 'token_type': 'Bearer', 'id_token': 'eyJhbGciOiJSUzI1NiIsImtpZCI6IjEzZThkNDVhNDNjYjIyNDIxNTRjN2Y0ZGFmYWMyOTMzZmVhMjAzNzQiLCJ0eXAiOiJKV1QifQ.eyJpc3MiOiJodHRwczovL2FjY291bnRzLmdvb2dsZS5jb20iLCJhenAiOiI3NjQwODYwNTE4NTAtNnFyNHA2Z3BpNmhuNTA2cHQ4ZWp1cTgzZGkzNDFodXIuYXBwcy5nb29nbGV1c2VyY29udGVudC5jb20iLCJhdWQiOiI3NjQwODYwNTE4NTAtNnFyNHA2Z3BpNmhuNTA2cHQ4ZWp1cTgzZGkzNDFodXIuYXBwcy5nb29nbGV1c2VyY29udGVudC5jb20iLCJzdWIiOiIxMTcyODQwNTg1NTI2ODE0OTg5MDEiLCJlbWFpbCI6Imp1bGlhbnJ1aXo3MzdAZ21haWwuY29tIiwiZW1haWxfdmVyaWZpZWQiOnRydWUsImF0X2hhc2giOiI4LUNfUXYwQUdjbnFSNUVqY1R1RHJnIiwiaWF0IjoxNjE3NTI1MDY5LCJleHAiOjE2MTc1Mjg2Njl9.YPudGaq_TJzm09heO4msgP2YRoPwrJAKXnko1F7pkvpU3LeLnGicX0GemWZ3CkbMA3pX9O1W2gUtCKTeZeuRNsMBZXTKHQm2BaeWW2dqcjfwEh3pY8roOmcBTIArsYYxRRtqEQyTN4Mni5_kh0LZdOdew1L4BK_XkJBTkM2GtvzLMMUfX6TX7_Ubcq6zJGmnuKPFIqz-9uFF4uawicQNLXRS7VSKMnsN5YwezKaRT0S0ARDjtlsaMFhUn4LuBcNWreO7uOs0b_s_RB6uQE2Bn0bSrPat7lb9znE6A0Chp79FQaN-mwbRtnIcsNDa4cBzCV6e2CTXhvb2iUORetS4hA', 'expires_at': 1617528668.0899727}.
2021-04-04 03:31:09,092 INFO     ___FILE_ONLY___ 
Credentials saved to file: [/home/jruiz737/.config/gcloud/application_default_credentials.json]

2021-04-04 03:31:09,094 INFO     ___FILE_ONLY___ 
These credentials will be used by any library that requests Application Default Credentials (ADC).

2021-04-04 03:31:09,114 INFO     root            Using alternate credentials from file: [/home/jruiz737/.config/gcloud/application_default_credentials.json]
2021-04-04 03:31:09,139 DEBUG    google.auth.transport.requests Making request: POST https://oauth2.googleapis.com/token
2021-04-04 03:31:09,141 DEBUG    urllib3.connectionpool Starting new HTTPS connection (1): oauth2.googleapis.com:443
2021-04-04 03:31:09,295 DEBUG    urllib3.connectionpool https://oauth2.googleapis.com:443 "POST /token HTTP/1.1" 200 None
2021-04-04 03:31:09,315 INFO     root            Using alternate credentials from file: [/home/jruiz737/.config/gcloud/application_default_credentials.json]
2021-04-04 03:31:09,354 DEBUG    urllib3.connectionpool Starting new HTTPS connection (1): cloudresourcemanager.googleapis.com:443
2021-04-04 03:31:09,474 DEBUG    urllib3.connectionpool https://cloudresourcemanager.googleapis.com:443 "POST /v1/projects/zugzug-307103:testIamPermissions?alt=json HTTP/1.1" 200 None
2021-04-04 03:31:09,476 INFO     ___FILE_ONLY___ 
Quota project "zugzug-307103" was added to ADC which can be used by Google client libraries for billing and quota. Note that some services may still bill the project owning the resource.

2021-04-04 03:31:09,482 INFO     root            Display format: "none"
