2021-04-04 03:36:16,682 DEBUG    root            Loaded Command Group: ['gcloud', 'auth']
2021-04-04 03:36:16,691 DEBUG    root            Loaded Command Group: ['gcloud', 'auth', 'application_default']
2021-04-04 03:36:16,971 DEBUG    root            Loaded Command Group: ['gcloud', 'auth', 'application-default', 'login']
2021-04-04 03:36:16,974 DEBUG    root            Running [gcloud.auth.application-default.login] with arguments: []
2021-04-04 03:36:16,992 DEBUG    requests_oauthlib.oauth2_session Generated new state A7cCycHihLKhIUh0jFJdhOqrR4HtRl.
2021-04-04 03:36:16,994 INFO     ___FILE_ONLY___ Go to the following link in your browser:

    https://accounts.google.com/o/oauth2/auth?response_type=code&client_id=764086051850-6qr4p6gpi6hn506pt8ejuq83di341hur.apps.googleusercontent.com&redirect_uri=urn%3Aietf%3Awg%3Aoauth%3A2.0%3Aoob&scope=openid+https%3A%2F%2Fwww.googleapis.com%2Fauth%2Fuserinfo.email+https%3A%2F%2Fwww.googleapis.com%2Fauth%2Fcloud-platform+https%3A%2F%2Fwww.googleapis.com%2Fauth%2Faccounts.reauth&state=A7cCycHihLKhIUh0jFJdhOqrR4HtRl&prompt=consent&access_type=offline&code_challenge=E39ntjX5A2Lr7S2Jyln8bLTdqDzy691OxNFdOg24-PE&code_challenge_method=S256


2021-04-04 03:36:34,683 DEBUG    requests_oauthlib.oauth2_session Requesting url https://oauth2.googleapis.com/token using method POST.
2021-04-04 03:36:34,684 DEBUG    requests_oauthlib.oauth2_session Supplying headers {b'Accept': b'application/json', b'Content-Type': b'application/x-www-form-urlencoded;charset=UTF-8', b'user-agent': b'google-cloud-sdk gcloud/334.0.0 command/gcloud.auth.application-default.login invocation-id/f8bdbf337837476bba08a82ddfce0c2b environment/None environment-version/None interactive/True from-script/False python/3.8.5 term/xterm-256color (Linux 4.4.0-19041-Microsoft)'} and data {'grant_type': 'authorization_code', 'client_id': '764086051850-6qr4p6gpi6hn506pt8ejuq83di341hur.apps.googleusercontent.com', 'client_secret': 'd-FL95Q19q7MQmFpd7hHD0Ty', 'code': '4/1AY0e-g75TU4Z0AfFpNnJHTlOFwvOTBMma47NjjrPqj16kJAdrwZBgFTkvsw', 'redirect_uri': 'urn:ietf:wg:oauth:2.0:oob', 'code_verifier': 'rgJupKIyNm5GRhm68QqVm43gyLcvvhQ-QHIGkVt7T7vqZ5f88QP9RckzZ0JBcgrbK8seGDDdpUyXS9z0_e8lmWNJMPbJiEITHuLCLZ2RKB-H_q7BQWIMK1dxMu4St7rP'}
2021-04-04 03:36:34,684 DEBUG    requests_oauthlib.oauth2_session Passing through key word arguments {'json': None, 'timeout': None, 'auth': None, 'verify': True, 'proxies': None}.
2021-04-04 03:36:34,685 DEBUG    urllib3.connectionpool Starting new HTTPS connection (1): oauth2.googleapis.com:443
2021-04-04 03:36:34,920 DEBUG    urllib3.connectionpool https://oauth2.googleapis.com:443 "POST /token HTTP/1.1" 200 None
2021-04-04 03:36:34,921 DEBUG    requests_oauthlib.oauth2_session Prepared fetch token request body grant_type=authorization_code&client_id=764086051850-6qr4p6gpi6hn506pt8ejuq83di341hur.apps.googleusercontent.com&client_secret=d-FL95Q19q7MQmFpd7hHD0Ty&code=4%2F1AY0e-g75TU4Z0AfFpNnJHTlOFwvOTBMma47NjjrPqj16kJAdrwZBgFTkvsw&redirect_uri=urn%3Aietf%3Awg%3Aoauth%3A2.0%3Aoob&code_verifier=rgJupKIyNm5GRhm68QqVm43gyLcvvhQ-QHIGkVt7T7vqZ5f88QP9RckzZ0JBcgrbK8seGDDdpUyXS9z0_e8lmWNJMPbJiEITHuLCLZ2RKB-H_q7BQWIMK1dxMu4St7rP
2021-04-04 03:36:34,921 DEBUG    requests_oauthlib.oauth2_session Request to fetch token completed with status 200.
2021-04-04 03:36:34,922 DEBUG    requests_oauthlib.oauth2_session Request headers were {'user-agent': b'google-cloud-sdk gcloud/334.0.0 command/gcloud.auth.application-default.login invocation-id/f8bdbf337837476bba08a82ddfce0c2b environment/None environment-version/None interactive/True from-script/False python/3.8.5 term/xterm-256color (Linux 4.4.0-19041-Microsoft)', 'Accept-Encoding': 'gzip, deflate', 'Accept': b'application/json', 'Connection': 'keep-alive', 'Content-Type': b'application/x-www-form-urlencoded;charset=UTF-8', 'Content-Length': '413'}
2021-04-04 03:36:34,922 DEBUG    requests_oauthlib.oauth2_session Request body was grant_type=authorization_code&client_id=764086051850-6qr4p6gpi6hn506pt8ejuq83di341hur.apps.googleusercontent.com&client_secret=d-FL95Q19q7MQmFpd7hHD0Ty&code=4%2F1AY0e-g75TU4Z0AfFpNnJHTlOFwvOTBMma47NjjrPqj16kJAdrwZBgFTkvsw&redirect_uri=urn%3Aietf%3Awg%3Aoauth%3A2.0%3Aoob&code_verifier=rgJupKIyNm5GRhm68QqVm43gyLcvvhQ-QHIGkVt7T7vqZ5f88QP9RckzZ0JBcgrbK8seGDDdpUyXS9z0_e8lmWNJMPbJiEITHuLCLZ2RKB-H_q7BQWIMK1dxMu4St7rP
2021-04-04 03:36:34,922 DEBUG    requests_oauthlib.oauth2_session Response headers were {'Cache-Control': 'no-cache, no-store, max-age=0, must-revalidate', 'Date': 'Sun, 04 Apr 2021 08:36:34 GMT', 'Expires': 'Mon, 01 Jan 1990 00:00:00 GMT', 'Pragma': 'no-cache', 'Content-Type': 'application/json; charset=utf-8', 'Vary': 'Origin, X-Origin, Referer', 'Content-Encoding': 'gzip', 'Server': 'scaffolding on HTTPServer2', 'X-XSS-Protection': '0', 'X-Frame-Options': 'SAMEORIGIN', 'X-Content-Type-Options': 'nosniff', 'Alt-Svc': 'h3-29=":443"; ma=2592000,h3-T051=":443"; ma=2592000,h3-Q050=":443"; ma=2592000,h3-Q046=":443"; ma=2592000,h3-Q043=":443"; ma=2592000,quic=":443"; ma=2592000; v="46,43"', 'Transfer-Encoding': 'chunked'} and content {
  "access_token": "ya29.a0AfH6SMAvkerKt8nQ0YrxEJ0CLyePkKA_WiH77Xrzzoc0GLLa7R8NBPyZ74qSXF4KgkScME2kZUJ2zj4iM9QPoAqmWg34O8G9X2_hceS7l0PzCibbyVMu9Wk_aMaBkRZtpmYiSKvxH0STNRRtH1JjgDWK2dPK",
  "expires_in": 3599,
  "refresh_token": "1//04uo2xc3oYcVKCgYIARAAGAQSNwF-L9IrCmoHeEnqN8dtbT5O57Zu512Ea2DxXgZO5hHdcDZM7pFhMbEOpTk_89jhRE7cEvLvZac",
  "scope": "https://www.googleapis.com/auth/userinfo.email https://www.googleapis.com/auth/accounts.reauth openid https://www.googleapis.com/auth/cloud-platform",
  "token_type": "Bearer",
  "id_token": "eyJhbGciOiJSUzI1NiIsImtpZCI6IjEzZThkNDVhNDNjYjIyNDIxNTRjN2Y0ZGFmYWMyOTMzZmVhMjAzNzQiLCJ0eXAiOiJKV1QifQ.eyJpc3MiOiJodHRwczovL2FjY291bnRzLmdvb2dsZS5jb20iLCJhenAiOiI3NjQwODYwNTE4NTAtNnFyNHA2Z3BpNmhuNTA2cHQ4ZWp1cTgzZGkzNDFodXIuYXBwcy5nb29nbGV1c2VyY29udGVudC5jb20iLCJhdWQiOiI3NjQwODYwNTE4NTAtNnFyNHA2Z3BpNmhuNTA2cHQ4ZWp1cTgzZGkzNDFodXIuYXBwcy5nb29nbGV1c2VyY29udGVudC5jb20iLCJzdWIiOiIxMTcyODQwNTg1NTI2ODE0OTg5MDEiLCJlbWFpbCI6Imp1bGlhbnJ1aXo3MzdAZ21haWwuY29tIiwiZW1haWxfdmVyaWZpZWQiOnRydWUsImF0X2hhc2giOiJudWszcnk4V3hheFBhSlprQWZBdTZ3IiwiaWF0IjoxNjE3NTI1Mzk0LCJleHAiOjE2MTc1Mjg5OTR9.S4qsdA5gF2VLjn0ruWJAVdn1hFYNOBMVfxRkpZTAVZ36qpXjAzu7jIwvLDZQvYUfVffK-mDECmH47X3h7e5JMe09RQ3nx9FAjdwPr9PYaFPSVgkwWHAtgUKmIZzKpLfVRaSlsVS34CqgSrDE5vajxla810l2JF9J9T5cW7tnGludaDSn_RXfQw36VmK2BrEFIGo1ILR_lpgfq9BnE30p9R2aIe6Lg2SHq5oPoINOFTMqxtDdpztPI0eK99aG6rZsQN2fdAs5Q1ERg1QBKK3bAo57ESVWFLgafp7223ukGyMiG7NJhy2jd-seYZCk4Vxv4gE1dogvsn525qktSRQf6g"
}.
2021-04-04 03:36:34,922 DEBUG    requests_oauthlib.oauth2_session Invoking 0 token response hooks.
2021-04-04 03:36:34,922 DEBUG    requests_oauthlib.oauth2_session Obtained token {'access_token': 'ya29.a0AfH6SMAvkerKt8nQ0YrxEJ0CLyePkKA_WiH77Xrzzoc0GLLa7R8NBPyZ74qSXF4KgkScME2kZUJ2zj4iM9QPoAqmWg34O8G9X2_hceS7l0PzCibbyVMu9Wk_aMaBkRZtpmYiSKvxH0STNRRtH1JjgDWK2dPK', 'expires_in': 3599, 'refresh_token': '1//04uo2xc3oYcVKCgYIARAAGAQSNwF-L9IrCmoHeEnqN8dtbT5O57Zu512Ea2DxXgZO5hHdcDZM7pFhMbEOpTk_89jhRE7cEvLvZac', 'scope': ['https://www.googleapis.com/auth/userinfo.email', 'https://www.googleapis.com/auth/accounts.reauth', 'openid', 'https://www.googleapis.com/auth/cloud-platform'], 'token_type': 'Bearer', 'id_token': 'eyJhbGciOiJSUzI1NiIsImtpZCI6IjEzZThkNDVhNDNjYjIyNDIxNTRjN2Y0ZGFmYWMyOTMzZmVhMjAzNzQiLCJ0eXAiOiJKV1QifQ.eyJpc3MiOiJodHRwczovL2FjY291bnRzLmdvb2dsZS5jb20iLCJhenAiOiI3NjQwODYwNTE4NTAtNnFyNHA2Z3BpNmhuNTA2cHQ4ZWp1cTgzZGkzNDFodXIuYXBwcy5nb29nbGV1c2VyY29udGVudC5jb20iLCJhdWQiOiI3NjQwODYwNTE4NTAtNnFyNHA2Z3BpNmhuNTA2cHQ4ZWp1cTgzZGkzNDFodXIuYXBwcy5nb29nbGV1c2VyY29udGVudC5jb20iLCJzdWIiOiIxMTcyODQwNTg1NTI2ODE0OTg5MDEiLCJlbWFpbCI6Imp1bGlhbnJ1aXo3MzdAZ21haWwuY29tIiwiZW1haWxfdmVyaWZpZWQiOnRydWUsImF0X2hhc2giOiJudWszcnk4V3hheFBhSlprQWZBdTZ3IiwiaWF0IjoxNjE3NTI1Mzk0LCJleHAiOjE2MTc1Mjg5OTR9.S4qsdA5gF2VLjn0ruWJAVdn1hFYNOBMVfxRkpZTAVZ36qpXjAzu7jIwvLDZQvYUfVffK-mDECmH47X3h7e5JMe09RQ3nx9FAjdwPr9PYaFPSVgkwWHAtgUKmIZzKpLfVRaSlsVS34CqgSrDE5vajxla810l2JF9J9T5cW7tnGludaDSn_RXfQw36VmK2BrEFIGo1ILR_lpgfq9BnE30p9R2aIe6Lg2SHq5oPoINOFTMqxtDdpztPI0eK99aG6rZsQN2fdAs5Q1ERg1QBKK3bAo57ESVWFLgafp7223ukGyMiG7NJhy2jd-seYZCk4Vxv4gE1dogvsn525qktSRQf6g', 'expires_at': 1617528993.9227023}.
2021-04-04 03:36:34,924 INFO     ___FILE_ONLY___ 
Credentials saved to file: [/home/jruiz737/.config/gcloud/application_default_credentials.json]

2021-04-04 03:36:34,925 INFO     ___FILE_ONLY___ 
These credentials will be used by any library that requests Application Default Credentials (ADC).

2021-04-04 03:36:34,946 INFO     root            Using alternate credentials from file: [/home/jruiz737/.config/gcloud/application_default_credentials.json]
2021-04-04 03:36:34,969 DEBUG    google.auth.transport.requests Making request: POST https://oauth2.googleapis.com/token
2021-04-04 03:36:34,972 DEBUG    urllib3.connectionpool Starting new HTTPS connection (1): oauth2.googleapis.com:443
2021-04-04 03:36:35,122 DEBUG    urllib3.connectionpool https://oauth2.googleapis.com:443 "POST /token HTTP/1.1" 200 None
2021-04-04 03:36:35,142 INFO     root            Using alternate credentials from file: [/home/jruiz737/.config/gcloud/application_default_credentials.json]
2021-04-04 03:36:35,179 DEBUG    urllib3.connectionpool Starting new HTTPS connection (1): cloudresourcemanager.googleapis.com:443
2021-04-04 03:36:35,296 DEBUG    urllib3.connectionpool https://cloudresourcemanager.googleapis.com:443 "POST /v1/projects/zugzug-307103:testIamPermissions?alt=json HTTP/1.1" 200 None
2021-04-04 03:36:35,298 INFO     ___FILE_ONLY___ 
Quota project "zugzug-307103" was added to ADC which can be used by Google client libraries for billing and quota. Note that some services may still bill the project owning the resource.

2021-04-04 03:36:35,304 INFO     root            Display format: "none"
