2021-04-04 03:47:45,568 DEBUG    root            Loaded Command Group: ['gcloud', 'auth']
2021-04-04 03:47:45,578 DEBUG    root            Loaded Command Group: ['gcloud', 'auth', 'application_default']
2021-04-04 03:47:45,857 DEBUG    root            Loaded Command Group: ['gcloud', 'auth', 'application-default', 'login']
2021-04-04 03:47:45,859 DEBUG    root            Running [gcloud.auth.application-default.login] with arguments: []
2021-04-04 03:47:45,902 DEBUG    requests_oauthlib.oauth2_session Generated new state KxHqVCq4IG5wRe8zm8EvwhUFUjcN5l.
2021-04-04 03:47:45,905 INFO     ___FILE_ONLY___ Go to the following link in your browser:

    https://accounts.google.com/o/oauth2/auth?response_type=code&client_id=764086051850-6qr4p6gpi6hn506pt8ejuq83di341hur.apps.googleusercontent.com&redirect_uri=urn%3Aietf%3Awg%3Aoauth%3A2.0%3Aoob&scope=openid+https%3A%2F%2Fwww.googleapis.com%2Fauth%2Fuserinfo.email+https%3A%2F%2Fwww.googleapis.com%2Fauth%2Fcloud-platform+https%3A%2F%2Fwww.googleapis.com%2Fauth%2Faccounts.reauth&state=KxHqVCq4IG5wRe8zm8EvwhUFUjcN5l&prompt=consent&access_type=offline&code_challenge=idqpNg0mq0CPfQDyIdqmsijwN8us3N2xGkNpE_YTTw0&code_challenge_method=S256


2021-04-04 03:48:09,848 DEBUG    requests_oauthlib.oauth2_session Requesting url https://oauth2.googleapis.com/token using method POST.
2021-04-04 03:48:09,848 DEBUG    requests_oauthlib.oauth2_session Supplying headers {b'Accept': b'application/json', b'Content-Type': b'application/x-www-form-urlencoded;charset=UTF-8', b'user-agent': b'google-cloud-sdk gcloud/334.0.0 command/gcloud.auth.application-default.login invocation-id/525eecb046224548ac1338e53e2f5588 environment/None environment-version/None interactive/True from-script/False python/3.8.5 term/xterm-256color (Linux 4.4.0-19041-Microsoft)'} and data {'grant_type': 'authorization_code', 'client_id': '764086051850-6qr4p6gpi6hn506pt8ejuq83di341hur.apps.googleusercontent.com', 'client_secret': 'd-FL95Q19q7MQmFpd7hHD0Ty', 'code': '4/1AY0e-g64BxgALiR2paqSeVuvT5hIGvt9SeKC2UQM00RU9Y9ED4qHvacrMwQ', 'redirect_uri': 'urn:ietf:wg:oauth:2.0:oob', 'code_verifier': 'KNAPauJlx2CQ3.~HtyQ1OFN2Kw-9fxj~SXM2MQPanzWUg0Ajm4jNjt6FzNvHFwArpcTW3Y1VGOvD2whuWquOAAQDmYItWMOa6_IbLvBMyD0cN_M6cvr3RHEWGlw.fEp8'}
2021-04-04 03:48:09,848 DEBUG    requests_oauthlib.oauth2_session Passing through key word arguments {'json': None, 'timeout': None, 'auth': None, 'verify': True, 'proxies': None}.
2021-04-04 03:48:09,851 DEBUG    urllib3.connectionpool Starting new HTTPS connection (1): oauth2.googleapis.com:443
2021-04-04 03:48:10,044 DEBUG    urllib3.connectionpool https://oauth2.googleapis.com:443 "POST /token HTTP/1.1" 200 None
2021-04-04 03:48:10,045 DEBUG    requests_oauthlib.oauth2_session Prepared fetch token request body grant_type=authorization_code&client_id=764086051850-6qr4p6gpi6hn506pt8ejuq83di341hur.apps.googleusercontent.com&client_secret=d-FL95Q19q7MQmFpd7hHD0Ty&code=4%2F1AY0e-g64BxgALiR2paqSeVuvT5hIGvt9SeKC2UQM00RU9Y9ED4qHvacrMwQ&redirect_uri=urn%3Aietf%3Awg%3Aoauth%3A2.0%3Aoob&code_verifier=KNAPauJlx2CQ3.~HtyQ1OFN2Kw-9fxj~SXM2MQPanzWUg0Ajm4jNjt6FzNvHFwArpcTW3Y1VGOvD2whuWquOAAQDmYItWMOa6_IbLvBMyD0cN_M6cvr3RHEWGlw.fEp8
2021-04-04 03:48:10,045 DEBUG    requests_oauthlib.oauth2_session Request to fetch token completed with status 200.
2021-04-04 03:48:10,045 DEBUG    requests_oauthlib.oauth2_session Request headers were {'user-agent': b'google-cloud-sdk gcloud/334.0.0 command/gcloud.auth.application-default.login invocation-id/525eecb046224548ac1338e53e2f5588 environment/None environment-version/None interactive/True from-script/False python/3.8.5 term/xterm-256color (Linux 4.4.0-19041-Microsoft)', 'Accept-Encoding': 'gzip, deflate', 'Accept': b'application/json', 'Connection': 'keep-alive', 'Content-Type': b'application/x-www-form-urlencoded;charset=UTF-8', 'Content-Length': '413'}
2021-04-04 03:48:10,045 DEBUG    requests_oauthlib.oauth2_session Request body was grant_type=authorization_code&client_id=764086051850-6qr4p6gpi6hn506pt8ejuq83di341hur.apps.googleusercontent.com&client_secret=d-FL95Q19q7MQmFpd7hHD0Ty&code=4%2F1AY0e-g64BxgALiR2paqSeVuvT5hIGvt9SeKC2UQM00RU9Y9ED4qHvacrMwQ&redirect_uri=urn%3Aietf%3Awg%3Aoauth%3A2.0%3Aoob&code_verifier=KNAPauJlx2CQ3.~HtyQ1OFN2Kw-9fxj~SXM2MQPanzWUg0Ajm4jNjt6FzNvHFwArpcTW3Y1VGOvD2whuWquOAAQDmYItWMOa6_IbLvBMyD0cN_M6cvr3RHEWGlw.fEp8
2021-04-04 03:48:10,045 DEBUG    requests_oauthlib.oauth2_session Response headers were {'Expires': 'Mon, 01 Jan 1990 00:00:00 GMT', 'Pragma': 'no-cache', 'Cache-Control': 'no-cache, no-store, max-age=0, must-revalidate', 'Date': 'Sun, 04 Apr 2021 08:48:10 GMT', 'Content-Type': 'application/json; charset=utf-8', 'Vary': 'Origin, X-Origin, Referer', 'Content-Encoding': 'gzip', 'Server': 'scaffolding on HTTPServer2', 'X-XSS-Protection': '0', 'X-Frame-Options': 'SAMEORIGIN', 'X-Content-Type-Options': 'nosniff', 'Alt-Svc': 'h3-29=":443"; ma=2592000,h3-T051=":443"; ma=2592000,h3-Q050=":443"; ma=2592000,h3-Q046=":443"; ma=2592000,h3-Q043=":443"; ma=2592000,quic=":443"; ma=2592000; v="46,43"', 'Transfer-Encoding': 'chunked'} and content {
  "access_token": "ya29.a0AfH6SMCjT_bMoNBqOmbdDqL8bJLPU0CLy2bEq9O8ZEczgwL1r7s_9sbVxSuC_g5OH2AiP3l6rWwPqOcod4rr21QhdozepmLiwTmYP5dm6SoVnUmNVQZ79swg2KyOuC0FhGzYMyFaFZ50zr0tBdCgi_W0x56d",
  "expires_in": 3599,
  "refresh_token": "1//04vLnp3YmsE9HCgYIARAAGAQSNwF-L9IrJAA-XQZBdqVzvDW9Ry-5d7p8DMeamRQ49iv_XUSaRH5OiupDP2vq13a3dUiSNBE0emo",
  "scope": "openid https://www.googleapis.com/auth/accounts.reauth https://www.googleapis.com/auth/userinfo.email https://www.googleapis.com/auth/cloud-platform",
  "token_type": "Bearer",
  "id_token": "eyJhbGciOiJSUzI1NiIsImtpZCI6IjEzZThkNDVhNDNjYjIyNDIxNTRjN2Y0ZGFmYWMyOTMzZmVhMjAzNzQiLCJ0eXAiOiJKV1QifQ.eyJpc3MiOiJodHRwczovL2FjY291bnRzLmdvb2dsZS5jb20iLCJhenAiOiI3NjQwODYwNTE4NTAtNnFyNHA2Z3BpNmhuNTA2cHQ4ZWp1cTgzZGkzNDFodXIuYXBwcy5nb29nbGV1c2VyY29udGVudC5jb20iLCJhdWQiOiI3NjQwODYwNTE4NTAtNnFyNHA2Z3BpNmhuNTA2cHQ4ZWp1cTgzZGkzNDFodXIuYXBwcy5nb29nbGV1c2VyY29udGVudC5jb20iLCJzdWIiOiIxMTcyODQwNTg1NTI2ODE0OTg5MDEiLCJlbWFpbCI6Imp1bGlhbnJ1aXo3MzdAZ21haWwuY29tIiwiZW1haWxfdmVyaWZpZWQiOnRydWUsImF0X2hhc2giOiJZeFRqTHJmck00TkRwVzNKM3B1MjRBIiwiaWF0IjoxNjE3NTI2MDkwLCJleHAiOjE2MTc1Mjk2OTB9.c0vNldXQBho9_0gEDXPtkppTyaDGNOaE0EJPGXkOMPbKf9EqBi3Q0g1_VuX0U9oXxiR92mGmJtSsF_dpoEPaDu9kEmYp8kJ2h7U4blKswtgTu6y8XiENqDd4y4NQgfd3e5Ck84q3XhRE263FvLFIcep6F8-fwP6uJFcBfi5KCJep1gWaOkSq_KaWSPwN-efEVt_QJATzAPcrAZPLyKJFCT4MreDAzPxWkIFPxFfCXELu4RgxVDW1-E2nUcXMbYT3SYodc9WsTgqicRM0Gd_BwSlm54XOAKssljcVqJJPFWbSkV4qWcxW1Q_-1-AZAkEkqzga6TN_3wSIocEREq1ZFg"
}.
2021-04-04 03:48:10,045 DEBUG    requests_oauthlib.oauth2_session Invoking 0 token response hooks.
2021-04-04 03:48:10,046 DEBUG    requests_oauthlib.oauth2_session Obtained token {'access_token': 'ya29.a0AfH6SMCjT_bMoNBqOmbdDqL8bJLPU0CLy2bEq9O8ZEczgwL1r7s_9sbVxSuC_g5OH2AiP3l6rWwPqOcod4rr21QhdozepmLiwTmYP5dm6SoVnUmNVQZ79swg2KyOuC0FhGzYMyFaFZ50zr0tBdCgi_W0x56d', 'expires_in': 3599, 'refresh_token': '1//04vLnp3YmsE9HCgYIARAAGAQSNwF-L9IrJAA-XQZBdqVzvDW9Ry-5d7p8DMeamRQ49iv_XUSaRH5OiupDP2vq13a3dUiSNBE0emo', 'scope': ['openid', 'https://www.googleapis.com/auth/accounts.reauth', 'https://www.googleapis.com/auth/userinfo.email', 'https://www.googleapis.com/auth/cloud-platform'], 'token_type': 'Bearer', 'id_token': 'eyJhbGciOiJSUzI1NiIsImtpZCI6IjEzZThkNDVhNDNjYjIyNDIxNTRjN2Y0ZGFmYWMyOTMzZmVhMjAzNzQiLCJ0eXAiOiJKV1QifQ.eyJpc3MiOiJodHRwczovL2FjY291bnRzLmdvb2dsZS5jb20iLCJhenAiOiI3NjQwODYwNTE4NTAtNnFyNHA2Z3BpNmhuNTA2cHQ4ZWp1cTgzZGkzNDFodXIuYXBwcy5nb29nbGV1c2VyY29udGVudC5jb20iLCJhdWQiOiI3NjQwODYwNTE4NTAtNnFyNHA2Z3BpNmhuNTA2cHQ4ZWp1cTgzZGkzNDFodXIuYXBwcy5nb29nbGV1c2VyY29udGVudC5jb20iLCJzdWIiOiIxMTcyODQwNTg1NTI2ODE0OTg5MDEiLCJlbWFpbCI6Imp1bGlhbnJ1aXo3MzdAZ21haWwuY29tIiwiZW1haWxfdmVyaWZpZWQiOnRydWUsImF0X2hhc2giOiJZeFRqTHJmck00TkRwVzNKM3B1MjRBIiwiaWF0IjoxNjE3NTI2MDkwLCJleHAiOjE2MTc1Mjk2OTB9.c0vNldXQBho9_0gEDXPtkppTyaDGNOaE0EJPGXkOMPbKf9EqBi3Q0g1_VuX0U9oXxiR92mGmJtSsF_dpoEPaDu9kEmYp8kJ2h7U4blKswtgTu6y8XiENqDd4y4NQgfd3e5Ck84q3XhRE263FvLFIcep6F8-fwP6uJFcBfi5KCJep1gWaOkSq_KaWSPwN-efEVt_QJATzAPcrAZPLyKJFCT4MreDAzPxWkIFPxFfCXELu4RgxVDW1-E2nUcXMbYT3SYodc9WsTgqicRM0Gd_BwSlm54XOAKssljcVqJJPFWbSkV4qWcxW1Q_-1-AZAkEkqzga6TN_3wSIocEREq1ZFg', 'expires_at': 1617529689.0459847}.
2021-04-04 03:48:10,047 INFO     ___FILE_ONLY___ 
Credentials saved to file: [/home/jruiz737/.config/gcloud/application_default_credentials.json]

2021-04-04 03:48:10,047 INFO     ___FILE_ONLY___ 
These credentials will be used by any library that requests Application Default Credentials (ADC).

2021-04-04 03:48:10,063 INFO     root            Using alternate credentials from file: [/home/jruiz737/.config/gcloud/application_default_credentials.json]
2021-04-04 03:48:10,075 DEBUG    google.auth.transport.requests Making request: POST https://oauth2.googleapis.com/token
2021-04-04 03:48:10,077 DEBUG    urllib3.connectionpool Starting new HTTPS connection (1): oauth2.googleapis.com:443
2021-04-04 03:48:10,203 DEBUG    urllib3.connectionpool https://oauth2.googleapis.com:443 "POST /token HTTP/1.1" 200 None
2021-04-04 03:48:10,211 INFO     root            Using alternate credentials from file: [/home/jruiz737/.config/gcloud/application_default_credentials.json]
2021-04-04 03:48:10,247 DEBUG    urllib3.connectionpool Starting new HTTPS connection (1): cloudresourcemanager.googleapis.com:443
2021-04-04 03:48:10,370 DEBUG    urllib3.connectionpool https://cloudresourcemanager.googleapis.com:443 "POST /v1/projects/zugzug-307103:testIamPermissions?alt=json HTTP/1.1" 200 None
2021-04-04 03:48:10,372 INFO     ___FILE_ONLY___ 
Quota project "zugzug-307103" was added to ADC which can be used by Google client libraries for billing and quota. Note that some services may still bill the project owning the resource.

2021-04-04 03:48:10,382 INFO     root            Display format: "none"
