2021-04-04 03:41:28,466 DEBUG    root            Loaded Command Group: ['gcloud', 'sql']
2021-04-04 03:41:28,477 DEBUG    root            Loaded Command Group: ['gcloud', 'sql', 'instances']
2021-04-04 03:41:28,582 DEBUG    root            Loaded Command Group: ['gcloud', 'sql', 'instances', 'describe']
2021-04-04 03:41:28,584 DEBUG    root            Running [gcloud.sql.instances.describe] with arguments: [INSTANCE: "zugzug2"]
2021-04-04 03:41:28,624 DEBUG    urllib3.connectionpool Starting new HTTPS connection (1): sqladmin.googleapis.com:443
2021-04-04 03:41:28,787 DEBUG    urllib3.connectionpool https://sqladmin.googleapis.com:443 "GET /sql/v1beta4/projects/zugzug-307103/instances/zugzug2?alt=json HTTP/1.1" 200 None
2021-04-04 03:41:28,790 INFO     root            Display format: ":(settings.userLabels:alias=labels:label=LABELS) default"
2021-04-04 03:41:28,953 INFO     ___FILE_ONLY___ backendType
2021-04-04 03:41:28,953 INFO     ___FILE_ONLY___ :
2021-04-04 03:41:28,953 INFO     ___FILE_ONLY___  
2021-04-04 03:41:28,954 INFO     ___FILE_ONLY___ SECOND_GEN
2021-04-04 03:41:28,954 INFO     ___FILE_ONLY___ 

2021-04-04 03:41:28,954 INFO     ___FILE_ONLY___ connectionName
2021-04-04 03:41:28,954 INFO     ___FILE_ONLY___ :
2021-04-04 03:41:28,954 INFO     ___FILE_ONLY___  
2021-04-04 03:41:28,955 INFO     ___FILE_ONLY___ zugzug-307103:us-central1:zugzug2
2021-04-04 03:41:28,955 INFO     ___FILE_ONLY___ 

2021-04-04 03:41:28,955 INFO     ___FILE_ONLY___ databaseVersion
2021-04-04 03:41:28,955 INFO     ___FILE_ONLY___ :
2021-04-04 03:41:28,955 INFO     ___FILE_ONLY___  
2021-04-04 03:41:28,955 INFO     ___FILE_ONLY___ MYSQL_8_0
2021-04-04 03:41:28,955 INFO     ___FILE_ONLY___ 

2021-04-04 03:41:28,956 INFO     ___FILE_ONLY___ etag
2021-04-04 03:41:28,957 INFO     ___FILE_ONLY___ :
2021-04-04 03:41:28,957 INFO     ___FILE_ONLY___  
2021-04-04 03:41:28,957 INFO     ___FILE_ONLY___ 29abe7a613370f62ce1dd71cb7861f10a32cf248eb50a1bf7835b286e8a6e688
2021-04-04 03:41:28,957 INFO     ___FILE_ONLY___ 

2021-04-04 03:41:28,958 INFO     ___FILE_ONLY___ gceZone
2021-04-04 03:41:28,958 INFO     ___FILE_ONLY___ :
2021-04-04 03:41:28,958 INFO     ___FILE_ONLY___  
2021-04-04 03:41:28,958 INFO     ___FILE_ONLY___ us-central1-f
2021-04-04 03:41:28,958 INFO     ___FILE_ONLY___ 

2021-04-04 03:41:28,959 INFO     ___FILE_ONLY___ instanceType
2021-04-04 03:41:28,959 INFO     ___FILE_ONLY___ :
2021-04-04 03:41:28,959 INFO     ___FILE_ONLY___  
2021-04-04 03:41:28,959 INFO     ___FILE_ONLY___ CLOUD_SQL_INSTANCE
2021-04-04 03:41:28,959 INFO     ___FILE_ONLY___ 

2021-04-04 03:41:28,959 INFO     ___FILE_ONLY___ ipAddresses
2021-04-04 03:41:28,960 INFO     ___FILE_ONLY___ :
2021-04-04 03:41:28,960 INFO     ___FILE_ONLY___ 

2021-04-04 03:41:28,960 INFO     ___FILE_ONLY___ -
2021-04-04 03:41:28,960 INFO     ___FILE_ONLY___  
2021-04-04 03:41:28,961 INFO     ___FILE_ONLY___ ipAddress
2021-04-04 03:41:28,961 INFO     ___FILE_ONLY___ :
2021-04-04 03:41:28,961 INFO     ___FILE_ONLY___  
2021-04-04 03:41:28,961 INFO     ___FILE_ONLY___ 34.72.84.4
2021-04-04 03:41:28,961 INFO     ___FILE_ONLY___ 

2021-04-04 03:41:28,961 INFO     ___FILE_ONLY___   
2021-04-04 03:41:28,961 INFO     ___FILE_ONLY___ type
2021-04-04 03:41:28,961 INFO     ___FILE_ONLY___ :
2021-04-04 03:41:28,961 INFO     ___FILE_ONLY___  
2021-04-04 03:41:28,962 INFO     ___FILE_ONLY___ PRIMARY
2021-04-04 03:41:28,962 INFO     ___FILE_ONLY___ 

2021-04-04 03:41:28,962 INFO     ___FILE_ONLY___ kind
2021-04-04 03:41:28,962 INFO     ___FILE_ONLY___ :
2021-04-04 03:41:28,962 INFO     ___FILE_ONLY___  
2021-04-04 03:41:28,963 INFO     ___FILE_ONLY___ sql#instance
2021-04-04 03:41:28,963 INFO     ___FILE_ONLY___ 

2021-04-04 03:41:28,964 INFO     ___FILE_ONLY___ name
2021-04-04 03:41:28,964 INFO     ___FILE_ONLY___ :
2021-04-04 03:41:28,964 INFO     ___FILE_ONLY___  
2021-04-04 03:41:28,964 INFO     ___FILE_ONLY___ zugzug2
2021-04-04 03:41:28,964 INFO     ___FILE_ONLY___ 

2021-04-04 03:41:28,965 INFO     ___FILE_ONLY___ project
2021-04-04 03:41:28,965 INFO     ___FILE_ONLY___ :
2021-04-04 03:41:28,965 INFO     ___FILE_ONLY___  
2021-04-04 03:41:28,965 INFO     ___FILE_ONLY___ zugzug-307103
2021-04-04 03:41:28,965 INFO     ___FILE_ONLY___ 

2021-04-04 03:41:28,968 INFO     ___FILE_ONLY___ region
2021-04-04 03:41:28,968 INFO     ___FILE_ONLY___ :
2021-04-04 03:41:28,968 INFO     ___FILE_ONLY___  
2021-04-04 03:41:28,968 INFO     ___FILE_ONLY___ us-central1
2021-04-04 03:41:28,968 INFO     ___FILE_ONLY___ 

2021-04-04 03:41:28,969 INFO     ___FILE_ONLY___ selfLink
2021-04-04 03:41:28,969 INFO     ___FILE_ONLY___ :
2021-04-04 03:41:28,969 INFO     ___FILE_ONLY___  
2021-04-04 03:41:28,969 INFO     ___FILE_ONLY___ https://sqladmin.googleapis.com/sql/v1beta4/projects/zugzug-307103/instances/zugzug2
2021-04-04 03:41:28,969 INFO     ___FILE_ONLY___ 

2021-04-04 03:41:28,970 INFO     ___FILE_ONLY___ serverCaCert
2021-04-04 03:41:28,970 INFO     ___FILE_ONLY___ :
2021-04-04 03:41:28,970 INFO     ___FILE_ONLY___ 

2021-04-04 03:41:28,970 INFO     ___FILE_ONLY___   
2021-04-04 03:41:28,970 INFO     ___FILE_ONLY___ cert
2021-04-04 03:41:28,971 INFO     ___FILE_ONLY___ :
2021-04-04 03:41:28,973 INFO     ___FILE_ONLY___  |-
2021-04-04 03:41:28,973 INFO     ___FILE_ONLY___ 

2021-04-04 03:41:28,974 INFO     ___FILE_ONLY___     
2021-04-04 03:41:28,974 INFO     ___FILE_ONLY___ -----BEGIN CERTIFICATE-----
2021-04-04 03:41:28,974 INFO     ___FILE_ONLY___ 

2021-04-04 03:41:28,974 INFO     ___FILE_ONLY___     
2021-04-04 03:41:28,974 INFO     ___FILE_ONLY___ MIIDfzCCAmegAwIBAgIBADANBgkqhkiG9w0BAQsFADB3MS0wKwYDVQQuEyRhODgw
2021-04-04 03:41:28,974 INFO     ___FILE_ONLY___ 

2021-04-04 03:41:28,975 INFO     ___FILE_ONLY___     
2021-04-04 03:41:28,975 INFO     ___FILE_ONLY___ ZTUwNS05ODhkLTQxYTktYmRkNy01NzA5MTIwM2E0YTUxIzAhBgNVBAMTGkdvb2ds
2021-04-04 03:41:28,975 INFO     ___FILE_ONLY___ 

2021-04-04 03:41:28,975 INFO     ___FILE_ONLY___     
2021-04-04 03:41:28,976 INFO     ___FILE_ONLY___ ZSBDbG91ZCBTUUwgU2VydmVyIENBMRQwEgYDVQQKEwtHb29nbGUsIEluYzELMAkG
2021-04-04 03:41:28,976 INFO     ___FILE_ONLY___ 

2021-04-04 03:41:28,976 INFO     ___FILE_ONLY___     
2021-04-04 03:41:28,976 INFO     ___FILE_ONLY___ A1UEBhMCVVMwHhcNMjEwNDAxMTkzNDA1WhcNMzEwMzMwMTkzNTA1WjB3MS0wKwYD
2021-04-04 03:41:28,976 INFO     ___FILE_ONLY___ 

2021-04-04 03:41:28,976 INFO     ___FILE_ONLY___     
2021-04-04 03:41:28,977 INFO     ___FILE_ONLY___ VQQuEyRhODgwZTUwNS05ODhkLTQxYTktYmRkNy01NzA5MTIwM2E0YTUxIzAhBgNV
2021-04-04 03:41:28,977 INFO     ___FILE_ONLY___ 

2021-04-04 03:41:28,977 INFO     ___FILE_ONLY___     
2021-04-04 03:41:28,977 INFO     ___FILE_ONLY___ BAMTGkdvb2dsZSBDbG91ZCBTUUwgU2VydmVyIENBMRQwEgYDVQQKEwtHb29nbGUs
2021-04-04 03:41:28,977 INFO     ___FILE_ONLY___ 

2021-04-04 03:41:28,978 INFO     ___FILE_ONLY___     
2021-04-04 03:41:28,978 INFO     ___FILE_ONLY___ IEluYzELMAkGA1UEBhMCVVMwggEiMA0GCSqGSIb3DQEBAQUAA4IBDwAwggEKAoIB
2021-04-04 03:41:28,978 INFO     ___FILE_ONLY___ 

2021-04-04 03:41:28,978 INFO     ___FILE_ONLY___     
2021-04-04 03:41:28,978 INFO     ___FILE_ONLY___ AQCViAEcNavaA9rsm8EhYA3lHHkHO0yY4dc/+SehOmZ3T8Rx28+z1AEt0Rie1HvP
2021-04-04 03:41:28,978 INFO     ___FILE_ONLY___ 

2021-04-04 03:41:28,980 INFO     ___FILE_ONLY___     
2021-04-04 03:41:28,981 INFO     ___FILE_ONLY___ rLW/VGclV+9BsEwEKrhS0cbqw2URSb+Qa8XKixq42Aq/IETeayTd7tR6q1DvUpLS
2021-04-04 03:41:28,981 INFO     ___FILE_ONLY___ 

2021-04-04 03:41:28,981 INFO     ___FILE_ONLY___     
2021-04-04 03:41:28,981 INFO     ___FILE_ONLY___ Q4wAmFsaQyWoROFlCLx+xfeNRcXXi/GlHOmif6Wr23AHLlFTtbteppBRkHKwpIG6
2021-04-04 03:41:28,981 INFO     ___FILE_ONLY___ 

2021-04-04 03:41:28,982 INFO     ___FILE_ONLY___     
2021-04-04 03:41:28,982 INFO     ___FILE_ONLY___ hGLvxrPOHHv3mqoC08946Tkp+H2sXu/1IUDNtur6C+sdpHqw65kv0AF470Rpi4Nf
2021-04-04 03:41:28,982 INFO     ___FILE_ONLY___ 

2021-04-04 03:41:28,983 INFO     ___FILE_ONLY___     
2021-04-04 03:41:28,983 INFO     ___FILE_ONLY___ IEKaIPQWZRduxMutpdLS2rbUHOUNMoqBQ8RI9Bv5havYWFiiyNDyoNIdb7pW9aS8
2021-04-04 03:41:28,983 INFO     ___FILE_ONLY___ 

2021-04-04 03:41:28,983 INFO     ___FILE_ONLY___     
2021-04-04 03:41:28,983 INFO     ___FILE_ONLY___ j9bZ9Rk3nWExScYtjhzNhgdlAgMBAAGjFjAUMBIGA1UdEwEB/wQIMAYBAf8CAQAw
2021-04-04 03:41:28,984 INFO     ___FILE_ONLY___ 

2021-04-04 03:41:28,984 INFO     ___FILE_ONLY___     
2021-04-04 03:41:28,984 INFO     ___FILE_ONLY___ DQYJKoZIhvcNAQELBQADggEBAEmMlYMcFEkqpN0kjC9kG4z4S3NqUhnqBi2c7soe
2021-04-04 03:41:28,984 INFO     ___FILE_ONLY___ 

2021-04-04 03:41:28,984 INFO     ___FILE_ONLY___     
2021-04-04 03:41:28,984 INFO     ___FILE_ONLY___ 61L1+sgRT5/C9+9RoMkVJSH595E98JA4N75o69lMZHoKCgmxC89G6AcGhhbwNV0z
2021-04-04 03:41:28,985 INFO     ___FILE_ONLY___ 

2021-04-04 03:41:28,985 INFO     ___FILE_ONLY___     
2021-04-04 03:41:28,985 INFO     ___FILE_ONLY___ yTQff11LcylzhvRa0p1TflzYjkx5h8b/HUh3fqlS3JthAJGtC/5fIF0gkR9xJS2q
2021-04-04 03:41:28,985 INFO     ___FILE_ONLY___ 

2021-04-04 03:41:28,985 INFO     ___FILE_ONLY___     
2021-04-04 03:41:28,985 INFO     ___FILE_ONLY___ ztcJig2KWVaMnECcWjDvcY8CQPZE6e4QLO40X9eDLXeuHRZSC3lJOrnNpXjQoSYk
2021-04-04 03:41:28,986 INFO     ___FILE_ONLY___ 

2021-04-04 03:41:28,986 INFO     ___FILE_ONLY___     
2021-04-04 03:41:28,986 INFO     ___FILE_ONLY___ MRPOnK0go8i1n7l2PszzzZM/LKIzTtWcs8LJQlaBq+RmE5YgX0UB94K/Nt7Ba7WS
2021-04-04 03:41:28,986 INFO     ___FILE_ONLY___ 

2021-04-04 03:41:28,986 INFO     ___FILE_ONLY___     
2021-04-04 03:41:28,986 INFO     ___FILE_ONLY___ OeDZsdChTr7iZjn3nMS9YXABj47JjjyLWaNvlREHimd7uhc=
2021-04-04 03:41:28,987 INFO     ___FILE_ONLY___ 

2021-04-04 03:41:28,987 INFO     ___FILE_ONLY___     
2021-04-04 03:41:28,987 INFO     ___FILE_ONLY___ -----END CERTIFICATE-----
2021-04-04 03:41:28,987 INFO     ___FILE_ONLY___ 

2021-04-04 03:41:28,987 INFO     ___FILE_ONLY___   
2021-04-04 03:41:28,987 INFO     ___FILE_ONLY___ certSerialNumber
2021-04-04 03:41:28,988 INFO     ___FILE_ONLY___ :
2021-04-04 03:41:28,988 INFO     ___FILE_ONLY___  '
2021-04-04 03:41:28,988 INFO     ___FILE_ONLY___ 0
2021-04-04 03:41:28,988 INFO     ___FILE_ONLY___ '
2021-04-04 03:41:28,988 INFO     ___FILE_ONLY___ 

2021-04-04 03:41:28,988 INFO     ___FILE_ONLY___   
2021-04-04 03:41:28,988 INFO     ___FILE_ONLY___ commonName
2021-04-04 03:41:28,988 INFO     ___FILE_ONLY___ :
2021-04-04 03:41:28,989 INFO     ___FILE_ONLY___  
2021-04-04 03:41:28,989 INFO     ___FILE_ONLY___ C=US,O=Google\,
2021-04-04 03:41:28,989 INFO     ___FILE_ONLY___  
2021-04-04 03:41:28,989 INFO     ___FILE_ONLY___ Inc,CN=Google
2021-04-04 03:41:28,989 INFO     ___FILE_ONLY___  
2021-04-04 03:41:28,989 INFO     ___FILE_ONLY___ Cloud
2021-04-04 03:41:28,989 INFO     ___FILE_ONLY___  
2021-04-04 03:41:28,989 INFO     ___FILE_ONLY___ SQL
2021-04-04 03:41:28,989 INFO     ___FILE_ONLY___  
2021-04-04 03:41:28,989 INFO     ___FILE_ONLY___ Server
2021-04-04 03:41:28,989 INFO     ___FILE_ONLY___  
2021-04-04 03:41:28,989 INFO     ___FILE_ONLY___ CA,dnQualifier=a880e505-988d-41a9-bdd7-57091203a4a5
2021-04-04 03:41:28,989 INFO     ___FILE_ONLY___ 

2021-04-04 03:41:28,990 INFO     ___FILE_ONLY___   
2021-04-04 03:41:28,990 INFO     ___FILE_ONLY___ createTime
2021-04-04 03:41:28,990 INFO     ___FILE_ONLY___ :
2021-04-04 03:41:28,990 INFO     ___FILE_ONLY___  '
2021-04-04 03:41:28,990 INFO     ___FILE_ONLY___ 2021-04-01T19:34:05.060Z
2021-04-04 03:41:28,990 INFO     ___FILE_ONLY___ '
2021-04-04 03:41:28,990 INFO     ___FILE_ONLY___ 

2021-04-04 03:41:28,991 INFO     ___FILE_ONLY___   
2021-04-04 03:41:28,991 INFO     ___FILE_ONLY___ expirationTime
2021-04-04 03:41:28,991 INFO     ___FILE_ONLY___ :
2021-04-04 03:41:28,991 INFO     ___FILE_ONLY___  '
2021-04-04 03:41:28,991 INFO     ___FILE_ONLY___ 2031-03-30T19:35:05.060Z
2021-04-04 03:41:28,991 INFO     ___FILE_ONLY___ '
2021-04-04 03:41:28,991 INFO     ___FILE_ONLY___ 

2021-04-04 03:41:28,992 INFO     ___FILE_ONLY___   
2021-04-04 03:41:28,992 INFO     ___FILE_ONLY___ instance
2021-04-04 03:41:28,992 INFO     ___FILE_ONLY___ :
2021-04-04 03:41:28,992 INFO     ___FILE_ONLY___  
2021-04-04 03:41:28,992 INFO     ___FILE_ONLY___ zugzug2
2021-04-04 03:41:28,992 INFO     ___FILE_ONLY___ 

2021-04-04 03:41:28,992 INFO     ___FILE_ONLY___   
2021-04-04 03:41:28,992 INFO     ___FILE_ONLY___ kind
2021-04-04 03:41:28,993 INFO     ___FILE_ONLY___ :
2021-04-04 03:41:28,993 INFO     ___FILE_ONLY___  
2021-04-04 03:41:28,993 INFO     ___FILE_ONLY___ sql#sslCert
2021-04-04 03:41:28,993 INFO     ___FILE_ONLY___ 

2021-04-04 03:41:28,993 INFO     ___FILE_ONLY___   
2021-04-04 03:41:28,993 INFO     ___FILE_ONLY___ sha1Fingerprint
2021-04-04 03:41:28,993 INFO     ___FILE_ONLY___ :
2021-04-04 03:41:28,993 INFO     ___FILE_ONLY___  
2021-04-04 03:41:28,994 INFO     ___FILE_ONLY___ f0e3fc3fef3fab797d5746d2232a475be1329cde
2021-04-04 03:41:28,994 INFO     ___FILE_ONLY___ 

2021-04-04 03:41:28,994 INFO     ___FILE_ONLY___ serviceAccountEmailAddress
2021-04-04 03:41:28,994 INFO     ___FILE_ONLY___ :
2021-04-04 03:41:28,994 INFO     ___FILE_ONLY___  
2021-04-04 03:41:28,994 INFO     ___FILE_ONLY___ p244292283828-rqfpjy@gcp-sa-cloud-sql.iam.gserviceaccount.com
2021-04-04 03:41:28,994 INFO     ___FILE_ONLY___ 

2021-04-04 03:41:28,997 INFO     ___FILE_ONLY___ settings
2021-04-04 03:41:28,997 INFO     ___FILE_ONLY___ :
2021-04-04 03:41:28,998 INFO     ___FILE_ONLY___ 

2021-04-04 03:41:28,998 INFO     ___FILE_ONLY___   
2021-04-04 03:41:28,998 INFO     ___FILE_ONLY___ activationPolicy
2021-04-04 03:41:28,998 INFO     ___FILE_ONLY___ :
2021-04-04 03:41:28,998 INFO     ___FILE_ONLY___  
2021-04-04 03:41:28,998 INFO     ___FILE_ONLY___ NEVER
2021-04-04 03:41:28,998 INFO     ___FILE_ONLY___ 

2021-04-04 03:41:28,999 INFO     ___FILE_ONLY___   
2021-04-04 03:41:28,999 INFO     ___FILE_ONLY___ availabilityType
2021-04-04 03:41:28,999 INFO     ___FILE_ONLY___ :
2021-04-04 03:41:28,999 INFO     ___FILE_ONLY___  
2021-04-04 03:41:28,999 INFO     ___FILE_ONLY___ ZONAL
2021-04-04 03:41:28,999 INFO     ___FILE_ONLY___ 

2021-04-04 03:41:29,000 INFO     ___FILE_ONLY___   
2021-04-04 03:41:29,000 INFO     ___FILE_ONLY___ backupConfiguration
2021-04-04 03:41:29,000 INFO     ___FILE_ONLY___ :
2021-04-04 03:41:29,000 INFO     ___FILE_ONLY___ 

2021-04-04 03:41:29,000 INFO     ___FILE_ONLY___     
2021-04-04 03:41:29,000 INFO     ___FILE_ONLY___ backupRetentionSettings
2021-04-04 03:41:29,001 INFO     ___FILE_ONLY___ :
2021-04-04 03:41:29,001 INFO     ___FILE_ONLY___ 

2021-04-04 03:41:29,001 INFO     ___FILE_ONLY___       
2021-04-04 03:41:29,001 INFO     ___FILE_ONLY___ retainedBackups
2021-04-04 03:41:29,001 INFO     ___FILE_ONLY___ :
2021-04-04 03:41:29,001 INFO     ___FILE_ONLY___  
2021-04-04 03:41:29,001 INFO     ___FILE_ONLY___ 7
2021-04-04 03:41:29,001 INFO     ___FILE_ONLY___ 

2021-04-04 03:41:29,002 INFO     ___FILE_ONLY___       
2021-04-04 03:41:29,002 INFO     ___FILE_ONLY___ retentionUnit
2021-04-04 03:41:29,002 INFO     ___FILE_ONLY___ :
2021-04-04 03:41:29,002 INFO     ___FILE_ONLY___  
2021-04-04 03:41:29,002 INFO     ___FILE_ONLY___ COUNT
2021-04-04 03:41:29,002 INFO     ___FILE_ONLY___ 

2021-04-04 03:41:29,002 INFO     ___FILE_ONLY___     
2021-04-04 03:41:29,002 INFO     ___FILE_ONLY___ binaryLogEnabled
2021-04-04 03:41:29,003 INFO     ___FILE_ONLY___ :
2021-04-04 03:41:29,003 INFO     ___FILE_ONLY___  
2021-04-04 03:41:29,003 INFO     ___FILE_ONLY___ true
2021-04-04 03:41:29,003 INFO     ___FILE_ONLY___ 

2021-04-04 03:41:29,003 INFO     ___FILE_ONLY___     
2021-04-04 03:41:29,003 INFO     ___FILE_ONLY___ enabled
2021-04-04 03:41:29,003 INFO     ___FILE_ONLY___ :
2021-04-04 03:41:29,003 INFO     ___FILE_ONLY___  
2021-04-04 03:41:29,004 INFO     ___FILE_ONLY___ true
2021-04-04 03:41:29,004 INFO     ___FILE_ONLY___ 

2021-04-04 03:41:29,004 INFO     ___FILE_ONLY___     
2021-04-04 03:41:29,004 INFO     ___FILE_ONLY___ kind
2021-04-04 03:41:29,004 INFO     ___FILE_ONLY___ :
2021-04-04 03:41:29,004 INFO     ___FILE_ONLY___  
2021-04-04 03:41:29,004 INFO     ___FILE_ONLY___ sql#backupConfiguration
2021-04-04 03:41:29,004 INFO     ___FILE_ONLY___ 

2021-04-04 03:41:29,005 INFO     ___FILE_ONLY___     
2021-04-04 03:41:29,005 INFO     ___FILE_ONLY___ location
2021-04-04 03:41:29,005 INFO     ___FILE_ONLY___ :
2021-04-04 03:41:29,005 INFO     ___FILE_ONLY___  
2021-04-04 03:41:29,005 INFO     ___FILE_ONLY___ us
2021-04-04 03:41:29,005 INFO     ___FILE_ONLY___ 

2021-04-04 03:41:29,006 INFO     ___FILE_ONLY___     
2021-04-04 03:41:29,006 INFO     ___FILE_ONLY___ startTime
2021-04-04 03:41:29,006 INFO     ___FILE_ONLY___ :
2021-04-04 03:41:29,006 INFO     ___FILE_ONLY___  
2021-04-04 03:41:29,006 INFO     ___FILE_ONLY___ 06:00
2021-04-04 03:41:29,006 INFO     ___FILE_ONLY___ 

2021-04-04 03:41:29,006 INFO     ___FILE_ONLY___     
2021-04-04 03:41:29,007 INFO     ___FILE_ONLY___ transactionLogRetentionDays
2021-04-04 03:41:29,007 INFO     ___FILE_ONLY___ :
2021-04-04 03:41:29,007 INFO     ___FILE_ONLY___  
2021-04-04 03:41:29,007 INFO     ___FILE_ONLY___ 7
2021-04-04 03:41:29,007 INFO     ___FILE_ONLY___ 

2021-04-04 03:41:29,007 INFO     ___FILE_ONLY___   
2021-04-04 03:41:29,007 INFO     ___FILE_ONLY___ dataDiskSizeGb
2021-04-04 03:41:29,007 INFO     ___FILE_ONLY___ :
2021-04-04 03:41:29,008 INFO     ___FILE_ONLY___  '
2021-04-04 03:41:29,008 INFO     ___FILE_ONLY___ 10
2021-04-04 03:41:29,008 INFO     ___FILE_ONLY___ '
2021-04-04 03:41:29,008 INFO     ___FILE_ONLY___ 

2021-04-04 03:41:29,008 INFO     ___FILE_ONLY___   
2021-04-04 03:41:29,008 INFO     ___FILE_ONLY___ dataDiskType
2021-04-04 03:41:29,008 INFO     ___FILE_ONLY___ :
2021-04-04 03:41:29,008 INFO     ___FILE_ONLY___  
2021-04-04 03:41:29,008 INFO     ___FILE_ONLY___ PD_HDD
2021-04-04 03:41:29,009 INFO     ___FILE_ONLY___ 

2021-04-04 03:41:29,009 INFO     ___FILE_ONLY___   
2021-04-04 03:41:29,009 INFO     ___FILE_ONLY___ ipConfiguration
2021-04-04 03:41:29,009 INFO     ___FILE_ONLY___ :
2021-04-04 03:41:29,009 INFO     ___FILE_ONLY___ 

2021-04-04 03:41:29,010 INFO     ___FILE_ONLY___     
2021-04-04 03:41:29,010 INFO     ___FILE_ONLY___ ipv4Enabled
2021-04-04 03:41:29,010 INFO     ___FILE_ONLY___ :
2021-04-04 03:41:29,010 INFO     ___FILE_ONLY___  
2021-04-04 03:41:29,010 INFO     ___FILE_ONLY___ true
2021-04-04 03:41:29,010 INFO     ___FILE_ONLY___ 

2021-04-04 03:41:29,012 INFO     ___FILE_ONLY___   
2021-04-04 03:41:29,012 INFO     ___FILE_ONLY___ kind
2021-04-04 03:41:29,012 INFO     ___FILE_ONLY___ :
2021-04-04 03:41:29,012 INFO     ___FILE_ONLY___  
2021-04-04 03:41:29,012 INFO     ___FILE_ONLY___ sql#settings
2021-04-04 03:41:29,012 INFO     ___FILE_ONLY___ 

2021-04-04 03:41:29,013 INFO     ___FILE_ONLY___   
2021-04-04 03:41:29,013 INFO     ___FILE_ONLY___ locationPreference
2021-04-04 03:41:29,013 INFO     ___FILE_ONLY___ :
2021-04-04 03:41:29,013 INFO     ___FILE_ONLY___ 

2021-04-04 03:41:29,014 INFO     ___FILE_ONLY___     
2021-04-04 03:41:29,015 INFO     ___FILE_ONLY___ kind
2021-04-04 03:41:29,015 INFO     ___FILE_ONLY___ :
2021-04-04 03:41:29,015 INFO     ___FILE_ONLY___  
2021-04-04 03:41:29,015 INFO     ___FILE_ONLY___ sql#locationPreference
2021-04-04 03:41:29,015 INFO     ___FILE_ONLY___ 

2021-04-04 03:41:29,015 INFO     ___FILE_ONLY___     
2021-04-04 03:41:29,015 INFO     ___FILE_ONLY___ zone
2021-04-04 03:41:29,015 INFO     ___FILE_ONLY___ :
2021-04-04 03:41:29,015 INFO     ___FILE_ONLY___  
2021-04-04 03:41:29,016 INFO     ___FILE_ONLY___ us-central1-f
2021-04-04 03:41:29,016 INFO     ___FILE_ONLY___ 

2021-04-04 03:41:29,016 INFO     ___FILE_ONLY___   
2021-04-04 03:41:29,016 INFO     ___FILE_ONLY___ maintenanceWindow
2021-04-04 03:41:29,016 INFO     ___FILE_ONLY___ :
2021-04-04 03:41:29,016 INFO     ___FILE_ONLY___ 

2021-04-04 03:41:29,017 INFO     ___FILE_ONLY___     
2021-04-04 03:41:29,017 INFO     ___FILE_ONLY___ day
2021-04-04 03:41:29,017 INFO     ___FILE_ONLY___ :
2021-04-04 03:41:29,017 INFO     ___FILE_ONLY___  
2021-04-04 03:41:29,017 INFO     ___FILE_ONLY___ 0
2021-04-04 03:41:29,017 INFO     ___FILE_ONLY___ 

2021-04-04 03:41:29,017 INFO     ___FILE_ONLY___     
2021-04-04 03:41:29,017 INFO     ___FILE_ONLY___ hour
2021-04-04 03:41:29,018 INFO     ___FILE_ONLY___ :
2021-04-04 03:41:29,018 INFO     ___FILE_ONLY___  
2021-04-04 03:41:29,018 INFO     ___FILE_ONLY___ 0
2021-04-04 03:41:29,018 INFO     ___FILE_ONLY___ 

2021-04-04 03:41:29,018 INFO     ___FILE_ONLY___     
2021-04-04 03:41:29,018 INFO     ___FILE_ONLY___ kind
2021-04-04 03:41:29,018 INFO     ___FILE_ONLY___ :
2021-04-04 03:41:29,018 INFO     ___FILE_ONLY___  
2021-04-04 03:41:29,019 INFO     ___FILE_ONLY___ sql#maintenanceWindow
2021-04-04 03:41:29,019 INFO     ___FILE_ONLY___ 

2021-04-04 03:41:29,019 INFO     ___FILE_ONLY___   
2021-04-04 03:41:29,019 INFO     ___FILE_ONLY___ pricingPlan
2021-04-04 03:41:29,019 INFO     ___FILE_ONLY___ :
2021-04-04 03:41:29,019 INFO     ___FILE_ONLY___  
2021-04-04 03:41:29,019 INFO     ___FILE_ONLY___ PER_USE
2021-04-04 03:41:29,019 INFO     ___FILE_ONLY___ 

2021-04-04 03:41:29,020 INFO     ___FILE_ONLY___   
2021-04-04 03:41:29,020 INFO     ___FILE_ONLY___ replicationType
2021-04-04 03:41:29,020 INFO     ___FILE_ONLY___ :
2021-04-04 03:41:29,020 INFO     ___FILE_ONLY___  
2021-04-04 03:41:29,020 INFO     ___FILE_ONLY___ SYNCHRONOUS
2021-04-04 03:41:29,020 INFO     ___FILE_ONLY___ 

2021-04-04 03:41:29,020 INFO     ___FILE_ONLY___   
2021-04-04 03:41:29,021 INFO     ___FILE_ONLY___ settingsVersion
2021-04-04 03:41:29,021 INFO     ___FILE_ONLY___ :
2021-04-04 03:41:29,021 INFO     ___FILE_ONLY___  '
2021-04-04 03:41:29,021 INFO     ___FILE_ONLY___ 22
2021-04-04 03:41:29,021 INFO     ___FILE_ONLY___ '
2021-04-04 03:41:29,021 INFO     ___FILE_ONLY___ 

2021-04-04 03:41:29,021 INFO     ___FILE_ONLY___   
2021-04-04 03:41:29,022 INFO     ___FILE_ONLY___ storageAutoResize
2021-04-04 03:41:29,022 INFO     ___FILE_ONLY___ :
2021-04-04 03:41:29,022 INFO     ___FILE_ONLY___  
2021-04-04 03:41:29,022 INFO     ___FILE_ONLY___ true
2021-04-04 03:41:29,022 INFO     ___FILE_ONLY___ 

2021-04-04 03:41:29,022 INFO     ___FILE_ONLY___   
2021-04-04 03:41:29,022 INFO     ___FILE_ONLY___ storageAutoResizeLimit
2021-04-04 03:41:29,022 INFO     ___FILE_ONLY___ :
2021-04-04 03:41:29,023 INFO     ___FILE_ONLY___  '
2021-04-04 03:41:29,023 INFO     ___FILE_ONLY___ 0
2021-04-04 03:41:29,023 INFO     ___FILE_ONLY___ '
2021-04-04 03:41:29,023 INFO     ___FILE_ONLY___ 

2021-04-04 03:41:29,023 INFO     ___FILE_ONLY___   
2021-04-04 03:41:29,023 INFO     ___FILE_ONLY___ tier
2021-04-04 03:41:29,023 INFO     ___FILE_ONLY___ :
2021-04-04 03:41:29,023 INFO     ___FILE_ONLY___  
2021-04-04 03:41:29,023 INFO     ___FILE_ONLY___ db-custom-1-3840
2021-04-04 03:41:29,024 INFO     ___FILE_ONLY___ 

2021-04-04 03:41:29,024 INFO     ___FILE_ONLY___ state
2021-04-04 03:41:29,024 INFO     ___FILE_ONLY___ :
2021-04-04 03:41:29,024 INFO     ___FILE_ONLY___  
2021-04-04 03:41:29,024 INFO     ___FILE_ONLY___ STOPPED
2021-04-04 03:41:29,024 INFO     ___FILE_ONLY___ 

