2021-04-04 04:45:29,426 DEBUG    root            Loaded Command Group: ['gcloud', 'help']
2021-04-04 04:45:29,429 DEBUG    root            Running [gcloud.help] with arguments: [COMMAND:1: "['COMMAND']"]
2021-04-04 04:45:29,433 DEBUG    root            No implementation for release track [GA] for element: [/mnt/c/Program Files (x86)/Google/Cloud SDK/google-cloud-sdk/lib/surface/lux]
2021-04-04 04:45:29,437 DEBUG    root            Loaded Command Group: ['gcloud', 'firestore']
2021-04-04 04:45:29,447 DEBUG    root            Loaded Command Group: ['gcloud', 'notebooks']
2021-04-04 04:45:29,454 DEBUG    root            No implementation for release track [GA] for element: [/mnt/c/Program Files (x86)/Google/Cloud SDK/google-cloud-sdk/lib/surface/network_connectivity]
2021-04-04 04:45:29,468 DEBUG    root            Loaded Command Group: ['gcloud', 'cheat_sheet']
2021-04-04 04:45:29,481 DEBUG    root            Loaded Command Group: ['gcloud', 'dataflow']
2021-04-04 04:45:29,492 DEBUG    root            Loaded Command Group: ['gcloud', 'dns']
2021-04-04 04:45:29,505 DEBUG    root            Loaded Command Group: ['gcloud', 'eventarc']
2021-04-04 04:45:29,515 DEBUG    root            Loaded Command Group: ['gcloud', 'monitoring']
2021-04-04 04:45:29,526 DEBUG    root            Loaded Command Group: ['gcloud', 'workflows']
2021-04-04 04:45:29,533 DEBUG    root            Loaded Command Group: ['gcloud', 'config']
2021-04-04 04:45:29,542 DEBUG    root            No implementation for release track [GA] for element: [/mnt/c/Program Files (x86)/Google/Cloud SDK/google-cloud-sdk/lib/surface/lifesciences]
2021-04-04 04:45:29,546 DEBUG    root            No implementation for release track [GA] for element: [/mnt/c/Program Files (x86)/Google/Cloud SDK/google-cloud-sdk/lib/surface/recaptcha]
2021-04-04 04:45:29,550 DEBUG    root            Loaded Command Group: ['gcloud', 'service_directory']
2021-04-04 04:45:29,566 DEBUG    root            Loaded Command Group: ['gcloud', 'asset']
2021-04-04 04:45:29,578 DEBUG    root            Loaded Command Group: ['gcloud', 'spanner']
2021-04-04 04:45:29,588 DEBUG    root            No implementation for release track [GA] for element: [/mnt/c/Program Files (x86)/Google/Cloud SDK/google-cloud-sdk/lib/surface/network_services]
2021-04-04 04:45:29,781 DEBUG    root            Loaded Command Group: ['gcloud', 'ai_platform']
2021-04-04 04:45:29,798 DEBUG    root            Loaded Command Group: ['gcloud', 'data_catalog']
2021-04-04 04:45:29,817 DEBUG    root            Loaded Command Group: ['gcloud', 'secrets']
2021-04-04 04:45:29,827 DEBUG    root            No implementation for release track [GA] for element: [/mnt/c/Program Files (x86)/Google/Cloud SDK/google-cloud-sdk/lib/surface/dlp]
2021-04-04 04:45:29,831 DEBUG    root            Loaded Command Group: ['gcloud', 'recommender']
2021-04-04 04:45:29,839 DEBUG    root            Loaded Command Group: ['gcloud', 'endpoints']
2021-04-04 04:45:29,850 DEBUG    root            Loaded Command Group: ['gcloud', 'scheduler']
2021-04-04 04:45:29,857 DEBUG    root            Loaded Command Group: ['gcloud', 'domains']
2021-04-04 04:45:29,864 DEBUG    root            No implementation for release track [GA] for element: [/mnt/c/Program Files (x86)/Google/Cloud SDK/google-cloud-sdk/lib/surface/labelmanager]
2021-04-04 04:45:29,868 DEBUG    root            No implementation for release track [GA] for element: [/mnt/c/Program Files (x86)/Google/Cloud SDK/google-cloud-sdk/lib/surface/essential_contacts]
2021-04-04 04:45:29,926 DEBUG    root            Loaded Command Group: ['gcloud', 'init']
2021-04-04 04:45:29,939 DEBUG    root            Loaded Command Group: ['gcloud', 'apigee']
2021-04-04 04:45:29,952 DEBUG    root            Loaded Command Group: ['gcloud', 'policy_troubleshoot']
2021-04-04 04:45:29,958 DEBUG    root            No implementation for release track [GA] for element: [/mnt/c/Program Files (x86)/Google/Cloud SDK/google-cloud-sdk/lib/surface/edge_container]
2021-04-04 04:45:29,982 DEBUG    root            Loaded Command Group: ['gcloud', 'feedback']
2021-04-04 04:45:29,993 DEBUG    root            No implementation for release track [GA] for element: [/mnt/c/Program Files (x86)/Google/Cloud SDK/google-cloud-sdk/lib/surface/data_fusion]
2021-04-04 04:45:29,997 DEBUG    root            Loaded Command Group: ['gcloud', 'org_policies']
2021-04-04 04:45:30,011 DEBUG    root            No implementation for release track [GA] for element: [/mnt/c/Program Files (x86)/Google/Cloud SDK/google-cloud-sdk/lib/surface/bq]
2021-04-04 04:45:30,020 DEBUG    root            No implementation for release track [GA] for element: [/mnt/c/Program Files (x86)/Google/Cloud SDK/google-cloud-sdk/lib/surface/access_approval]
2021-04-04 04:45:30,023 DEBUG    root            No implementation for release track [GA] for element: [/mnt/c/Program Files (x86)/Google/Cloud SDK/google-cloud-sdk/lib/surface/resource_config]
2021-04-04 04:45:30,026 DEBUG    root            Loaded Command Group: ['gcloud', 'network_management']
2021-04-04 04:45:30,034 DEBUG    root            No implementation for release track [GA] for element: [/mnt/c/Program Files (x86)/Google/Cloud SDK/google-cloud-sdk/lib/surface/network_security]
2021-04-04 04:45:30,037 DEBUG    root            Loaded Command Group: ['gcloud', 'ml']
2021-04-04 04:45:30,047 DEBUG    root            Loaded Command Group: ['gcloud', 'resource_manager']
2021-04-04 04:45:30,075 DEBUG    root            Loaded Command Group: ['gcloud', 'functions']
2021-04-04 04:45:30,102 DEBUG    root            No implementation for release track [GA] for element: [/mnt/c/Program Files (x86)/Google/Cloud SDK/google-cloud-sdk/lib/surface/runtime_config]
2021-04-04 04:45:30,105 DEBUG    root            No implementation for release track [GA] for element: [/mnt/c/Program Files (x86)/Google/Cloud SDK/google-cloud-sdk/lib/surface/dialogflow]
2021-04-04 04:45:30,109 DEBUG    root            No implementation for release track [GA] for element: [/mnt/c/Program Files (x86)/Google/Cloud SDK/google-cloud-sdk/lib/surface/resource_settings]
2021-04-04 04:45:30,111 DEBUG    root            No implementation for release track [GA] for element: [/mnt/c/Program Files (x86)/Google/Cloud SDK/google-cloud-sdk/lib/surface/vmware]
2021-04-04 04:45:30,115 DEBUG    root            Loaded Command Group: ['gcloud', 'logging']
2021-04-04 04:45:30,125 DEBUG    root            No implementation for release track [GA] for element: [/mnt/c/Program Files (x86)/Google/Cloud SDK/google-cloud-sdk/lib/surface/kuberun]
2021-04-04 04:45:30,128 DEBUG    root            Loaded Command Group: ['gcloud', 'firebase']
2021-04-04 04:45:30,134 DEBUG    root            No implementation for release track [GA] for element: [/mnt/c/Program Files (x86)/Google/Cloud SDK/google-cloud-sdk/lib/surface/publicca]
2021-04-04 04:45:30,144 DEBUG    root            Loaded Command Group: ['gcloud', 'api_gateway']
2021-04-04 04:45:30,153 DEBUG    root            Loaded Command Group: ['gcloud', 'topic']
2021-04-04 04:45:30,163 DEBUG    root            No implementation for release track [GA] for element: [/mnt/c/Program Files (x86)/Google/Cloud SDK/google-cloud-sdk/lib/surface/deploy]
2021-04-04 04:45:30,166 DEBUG    root            Loaded Command Group: ['gcloud', 'emulators']
2021-04-04 04:45:30,177 DEBUG    root            Loaded Command Group: ['gcloud', 'dataproc']
2021-04-04 04:45:30,187 DEBUG    root            Loaded Command Group: ['gcloud', 'projects']
2021-04-04 04:45:30,197 DEBUG    root            Loaded Command Group: ['gcloud', 'services']
2021-04-04 04:45:30,207 DEBUG    root            No implementation for release track [GA] for element: [/mnt/c/Program Files (x86)/Google/Cloud SDK/google-cloud-sdk/lib/surface/privateca]
2021-04-04 04:45:30,216 DEBUG    root            No implementation for release track [GA] for element: [/mnt/c/Program Files (x86)/Google/Cloud SDK/google-cloud-sdk/lib/surface/admin_service_cluster]
2021-04-04 04:45:30,219 DEBUG    root            Loaded Command Group: ['gcloud', 'iot']
2021-04-04 04:45:30,226 DEBUG    root            Loaded Command Group: ['gcloud', 'iam']
2021-04-04 04:45:30,242 DEBUG    root            Loaded Command Group: ['gcloud', 'active_directory']
2021-04-04 04:45:30,249 DEBUG    root            Loaded Command Group: ['gcloud', 'ml_engine']
2021-04-04 04:45:30,690 DEBUG    root            No implementation for release track [GA] for element: [/mnt/c/Program Files (x86)/Google/Cloud SDK/google-cloud-sdk/lib/surface/events]
2021-04-04 04:45:30,694 DEBUG    root            Loaded Command Group: ['gcloud', 'redis']
2021-04-04 04:45:30,702 DEBUG    root            No implementation for release track [GA] for element: [/mnt/c/Program Files (x86)/Google/Cloud SDK/google-cloud-sdk/lib/surface/remote_build_execution]
2021-04-04 04:45:30,712 DEBUG    root            No implementation for release track [GA] for element: [/mnt/c/Program Files (x86)/Google/Cloud SDK/google-cloud-sdk/lib/surface/commerce_procurement]
2021-04-04 04:45:30,715 DEBUG    root            Loaded Command Group: ['gcloud', 'identity']
2021-04-04 04:45:30,722 DEBUG    root            Loaded Command Group: ['gcloud', 'version']
2021-04-04 04:45:30,726 DEBUG    root            Loaded Command Group: ['gcloud', 'sql']
2021-04-04 04:45:30,738 DEBUG    root            Loaded Command Group: ['gcloud', 'kms']
2021-04-04 04:45:30,892 DEBUG    root            Loaded Command Group: ['gcloud', 'compute']
2021-04-04 04:45:30,930 DEBUG    root            No implementation for release track [GA] for element: [/mnt/c/Program Files (x86)/Google/Cloud SDK/google-cloud-sdk/lib/surface/storage]
2021-04-04 04:45:30,935 DEBUG    root            Loaded Command Group: ['gcloud', 'organizations']
2021-04-04 04:45:30,970 DEBUG    root            No implementation for release track [GA] for element: [/mnt/c/Program Files (x86)/Google/Cloud SDK/google-cloud-sdk/lib/surface/code]
2021-04-04 04:45:30,991 DEBUG    root            Loaded Command Group: ['gcloud', 'debug']
2021-04-04 04:45:30,999 DEBUG    root            Loaded Command Group: ['gcloud', 'metastore']
2021-04-04 04:45:31,015 DEBUG    root            No implementation for release track [GA] for element: [/mnt/c/Program Files (x86)/Google/Cloud SDK/google-cloud-sdk/lib/surface/certificate_manager]
2021-04-04 04:45:31,019 DEBUG    root            Loaded Command Group: ['gcloud', 'game']
2021-04-04 04:45:31,031 DEBUG    root            Loaded Command Group: ['gcloud', 'healthcare']
2021-04-04 04:45:31,047 DEBUG    root            No implementation for release track [GA] for element: [/mnt/c/Program Files (x86)/Google/Cloud SDK/google-cloud-sdk/lib/surface/transcoder]
2021-04-04 04:45:31,051 DEBUG    root            Loaded Command Group: ['gcloud', 'deployment_manager']
2021-04-04 04:45:31,069 DEBUG    root            Loaded Command Group: ['gcloud', 'assured']
2021-04-04 04:45:31,078 DEBUG    root            Loaded Command Group: ['gcloud', 'workspace_add_ons']
2021-04-04 04:45:31,086 DEBUG    root            Loaded Command Group: ['gcloud', 'memcache']
2021-04-04 04:45:31,097 DEBUG    root            Loaded Command Group: ['gcloud', 'pubsub']
2021-04-04 04:45:31,119 DEBUG    root            Loaded Command Group: ['gcloud', 'container']
2021-04-04 04:45:31,134 DEBUG    root            Loaded Command Group: ['gcloud', 'datastore']
2021-04-04 04:45:31,146 DEBUG    root            Loaded Command Group: ['gcloud', 'tasks']
2021-04-04 04:45:31,155 DEBUG    root            Loaded Command Group: ['gcloud', 'source']
2021-04-04 04:45:31,168 DEBUG    root            Loaded Command Group: ['gcloud', 'ai']
2021-04-04 04:45:31,188 DEBUG    root            Loaded Command Group: ['gcloud', 'billing']
2021-04-04 04:45:31,196 DEBUG    root            No implementation for release track [GA] for element: [/mnt/c/Program Files (x86)/Google/Cloud SDK/google-cloud-sdk/lib/surface/web_security_scanner]
2021-04-04 04:45:31,206 DEBUG    root            Loaded Command Group: ['gcloud', 'app']
2021-04-04 04:45:31,221 DEBUG    root            Loaded Command Group: ['gcloud', 'iap']
2021-04-04 04:45:31,235 DEBUG    root            Loaded Command Group: ['gcloud', 'bigtable']
2021-04-04 04:45:31,251 DEBUG    root            Loaded Command Group: ['gcloud', 'anthos']
2021-04-04 04:45:31,259 DEBUG    root            No implementation for release track [GA] for element: [/mnt/c/Program Files (x86)/Google/Cloud SDK/google-cloud-sdk/lib/surface/error_reporting]
2021-04-04 04:45:31,268 DEBUG    root            Loaded Command Group: ['gcloud', 'database_migration']
2021-04-04 04:45:31,276 DEBUG    root            Loaded Command Group: ['gcloud', 'filestore']
2021-04-04 04:45:31,309 DEBUG    root            Loaded Command Group: ['gcloud', 'builds']
2021-04-04 04:45:31,319 DEBUG    root            Loaded Command Group: ['gcloud', 'meta']
2021-04-04 04:45:31,330 DEBUG    root            No implementation for release track [GA] for element: [/mnt/c/Program Files (x86)/Google/Cloud SDK/google-cloud-sdk/lib/surface/genomics]
2021-04-04 04:45:31,333 DEBUG    root            No implementation for release track [GA] for element: [/mnt/c/Program Files (x86)/Google/Cloud SDK/google-cloud-sdk/lib/surface/media]
2021-04-04 04:45:31,342 DEBUG    root            Loaded Command Group: ['gcloud', 'artifacts']
2021-04-04 04:45:31,927 DEBUG    root            No implementation for release track [GA] for element: [/mnt/c/Program Files (x86)/Google/Cloud SDK/google-cloud-sdk/lib/surface/interactive]
2021-04-04 04:45:31,937 DEBUG    root            Loaded Command Group: ['gcloud', 'components']
2021-04-04 04:45:31,947 DEBUG    root            Loaded Command Group: ['gcloud', 'auth']
2021-04-04 04:45:31,956 DEBUG    root            No implementation for release track [GA] for element: [/mnt/c/Program Files (x86)/Google/Cloud SDK/google-cloud-sdk/lib/surface/edge_cache]
2021-04-04 04:45:31,965 DEBUG    root            Loaded Command Group: ['gcloud', 'composer']
2021-04-04 04:45:31,982 DEBUG    root            Loaded Command Group: ['gcloud', 'info']
2021-04-04 04:45:32,011 DEBUG    root            Loaded Command Group: ['gcloud', 'docker']
2021-04-04 04:45:32,067 DEBUG    root            Loaded Command Group: ['gcloud', 'survey']
2021-04-04 04:45:32,080 DEBUG    root            Loaded Command Group: ['gcloud', 'cloud_shell']
2021-04-04 04:45:32,087 DEBUG    root            No implementation for release track [GA] for element: [/mnt/c/Program Files (x86)/Google/Cloud SDK/google-cloud-sdk/lib/surface/trace]
2021-04-04 04:45:32,090 DEBUG    root            Loaded Command Group: ['gcloud', 'run']
2021-04-04 04:45:32,105 DEBUG    root            Loaded Command Group: ['gcloud', 'access_context_manager']
2021-04-04 04:45:32,115 DEBUG    root            Loaded Command Group: ['gcloud', 'scc']
2021-04-04 04:45:32,123 ERROR    root            (gcloud) Invalid choice: 'COMMAND'.
2021-04-04 04:45:32,653 DEBUG    root            [Errno 5] Input/output error
Traceback (most recent call last):
  File "/mnt/c/Program Files (x86)/Google/Cloud SDK/google-cloud-sdk/lib/googlecloudsdk/calliope/cli.py", line 951, in Execute
    args = self.__parser.parse_args(_ApplyFlagsFile(argv))
  File "/mnt/c/Program Files (x86)/Google/Cloud SDK/google-cloud-sdk/lib/googlecloudsdk/calliope/parser_extensions.py", line 712, in parse_args
    namespace, unknown_args, _ = self._ParseKnownArgs(args, namespace)
  File "/mnt/c/Program Files (x86)/Google/Cloud SDK/google-cloud-sdk/lib/googlecloudsdk/calliope/parser_extensions.py", line 499, in _ParseKnownArgs
    parser.parse_known_args(args, namespace) or (namespace, []))
  File "/mnt/c/Program Files (x86)/Google/Cloud SDK/google-cloud-sdk/lib/googlecloudsdk/calliope/parser_extensions.py", line 685, in parse_known_args
    error_context.parser._DeduceBetterError(  # pylint: disable=protected-access
  File "/mnt/c/Program Files (x86)/Google/Cloud SDK/google-cloud-sdk/lib/googlecloudsdk/calliope/parser_extensions.py", line 546, in _DeduceBetterError
    context.parser.error(context=context, reproduce=True)
  File "/mnt/c/Program Files (x86)/Google/Cloud SDK/google-cloud-sdk/lib/googlecloudsdk/calliope/parser_extensions.py", line 1050, in error
    argparse._sys.stderr.write(
OSError: [Errno 5] Input/output error
2021-04-04 04:45:42,552 INFO     root            Display format: "
        table[all-box,pager](
            commandpath():label='COMMAND',
            summary():wrap)
        :(relevance:sort=1:reverse)"
2021-04-04 04:45:42,723 INFO     ___FILE_ONLY___ ┌──────────────────────────────────────┬───────────────────────────────────────────────────────────────────────────────┐
2021-04-04 04:45:42,724 INFO     ___FILE_ONLY___ 

2021-04-04 04:45:42,724 DEBUG    root            [Errno 5] Input/output error
Traceback (most recent call last):
  File "/mnt/c/Program Files (x86)/Google/Cloud SDK/google-cloud-sdk/lib/googlecloudsdk/calliope/cli.py", line 982, in Execute
    resources = calliope_command.Run(cli=self, args=args)
  File "/mnt/c/Program Files (x86)/Google/Cloud SDK/google-cloud-sdk/lib/googlecloudsdk/calliope/backend.py", line 810, in Run
    resources = display.Displayer(command_instance, args, resources,
  File "/mnt/c/Program Files (x86)/Google/Cloud SDK/google-cloud-sdk/lib/googlecloudsdk/calliope/display.py", line 483, in Display
    self._printer.Print(self._resources)
  File "/mnt/c/Program Files (x86)/Google/Cloud SDK/google-cloud-sdk/lib/googlecloudsdk/core/resource/resource_printer_base.py", line 301, in Print
    self.Finish()
  File "/mnt/c/Program Files (x86)/Google/Cloud SDK/google-cloud-sdk/lib/googlecloudsdk/core/resource/table_printer.py", line 582, in Finish
    self._out.write('\n')
  File "/mnt/c/Program Files (x86)/Google/Cloud SDK/google-cloud-sdk/lib/googlecloudsdk/core/log.py", line 237, in write
    self._Write(plain_text, styled_text)
  File "/mnt/c/Program Files (x86)/Google/Cloud SDK/google-cloud-sdk/lib/googlecloudsdk/core/log.py", line 230, in _Write
    self.__stream_wrapper.stream.write(stream_msg)
OSError: [Errno 5] Input/output error
2021-04-04 04:45:42,728 ERROR    ___FILE_ONLY___ BEGIN CRASH STACKTRACE
Traceback (most recent call last):
  File "/mnt/c/Program Files (x86)/Google/Cloud SDK/google-cloud-sdk/lib/googlecloudsdk/command_lib/crash_handling.py", line 190, in Wrapper
    target_function(*args, **kwargs)
  File "/mnt/c/Program Files (x86)/Google/Cloud SDK/google-cloud-sdk/lib/googlecloudsdk/gcloud_main.py", line 174, in main
    gcloud_cli.Execute()
  File "/mnt/c/Program Files (x86)/Google/Cloud SDK/google-cloud-sdk/lib/googlecloudsdk/calliope/cli.py", line 1008, in Execute
    self._HandleAllErrors(exc, command_path_string, specified_arg_names)
  File "/mnt/c/Program Files (x86)/Google/Cloud SDK/google-cloud-sdk/lib/googlecloudsdk/calliope/cli.py", line 1045, in _HandleAllErrors
    exceptions.HandleError(exc, command_path_string, self.__known_error_handler)
  File "/mnt/c/Program Files (x86)/Google/Cloud SDK/google-cloud-sdk/lib/googlecloudsdk/calliope/exceptions.py", line 551, in HandleError
    core_exceptions.reraise(exc)
  File "/mnt/c/Program Files (x86)/Google/Cloud SDK/google-cloud-sdk/lib/googlecloudsdk/core/exceptions.py", line 146, in reraise
    six.reraise(type(exc_value), exc_value, tb)
  File "/mnt/c/Program Files (x86)/Google/Cloud SDK/google-cloud-sdk/lib/third_party/six/__init__.py", line 693, in reraise
    raise value
  File "/mnt/c/Program Files (x86)/Google/Cloud SDK/google-cloud-sdk/lib/googlecloudsdk/calliope/cli.py", line 982, in Execute
    resources = calliope_command.Run(cli=self, args=args)
  File "/mnt/c/Program Files (x86)/Google/Cloud SDK/google-cloud-sdk/lib/googlecloudsdk/calliope/backend.py", line 810, in Run
    resources = display.Displayer(command_instance, args, resources,
  File "/mnt/c/Program Files (x86)/Google/Cloud SDK/google-cloud-sdk/lib/googlecloudsdk/calliope/display.py", line 483, in Display
    self._printer.Print(self._resources)
  File "/mnt/c/Program Files (x86)/Google/Cloud SDK/google-cloud-sdk/lib/googlecloudsdk/core/resource/resource_printer_base.py", line 301, in Print
    self.Finish()
  File "/mnt/c/Program Files (x86)/Google/Cloud SDK/google-cloud-sdk/lib/googlecloudsdk/core/resource/table_printer.py", line 582, in Finish
    self._out.write('\n')
  File "/mnt/c/Program Files (x86)/Google/Cloud SDK/google-cloud-sdk/lib/googlecloudsdk/core/log.py", line 237, in write
    self._Write(plain_text, styled_text)
  File "/mnt/c/Program Files (x86)/Google/Cloud SDK/google-cloud-sdk/lib/googlecloudsdk/core/log.py", line 230, in _Write
    self.__stream_wrapper.stream.write(stream_msg)
OSError: [Errno 5] Input/output error
2021-04-04 04:45:42,733 ERROR    root            gcloud crashed (OSError): [Errno 5] Input/output error
2021-04-04 04:45:42,733 INFO     ___FILE_ONLY___ 
If you would like to report this issue, please run the following command:

