2021-04-04 05:01:31,473 DEBUG    root            Loaded Command Group: ['gcloud', 'auth']
2021-04-04 05:01:31,484 DEBUG    root            Loaded Command Group: ['gcloud', 'auth', 'application_default']
2021-04-04 05:01:31,813 DEBUG    root            Loaded Command Group: ['gcloud', 'auth', 'application-default', 'login']
2021-04-04 05:01:31,816 DEBUG    root            Running [gcloud.auth.application-default.login] with arguments: []
2021-04-04 05:01:31,840 DEBUG    requests_oauthlib.oauth2_session Generated new state 4eAzxRMtxXDjBxfu0mnhXGNqNo5cte.
2021-04-04 05:01:31,840 INFO     ___FILE_ONLY___ Go to the following link in your browser:

    https://accounts.google.com/o/oauth2/auth?response_type=code&client_id=764086051850-6qr4p6gpi6hn506pt8ejuq83di341hur.apps.googleusercontent.com&redirect_uri=urn%3Aietf%3Awg%3Aoauth%3A2.0%3Aoob&scope=openid+https%3A%2F%2Fwww.googleapis.com%2Fauth%2Fuserinfo.email+https%3A%2F%2Fwww.googleapis.com%2Fauth%2Fcloud-platform+https%3A%2F%2Fwww.googleapis.com%2Fauth%2Faccounts.reauth&state=4eAzxRMtxXDjBxfu0mnhXGNqNo5cte&prompt=consent&access_type=offline&code_challenge=xzrqaoYD2W_VpNjC0zi6rJRADWzFc1z-3foTwVyNZzY&code_challenge_method=S256


2021-04-04 05:02:03,412 DEBUG    requests_oauthlib.oauth2_session Requesting url https://oauth2.googleapis.com/token using method POST.
2021-04-04 05:02:03,412 DEBUG    requests_oauthlib.oauth2_session Supplying headers {b'Accept': b'application/json', b'Content-Type': b'application/x-www-form-urlencoded;charset=UTF-8', b'user-agent': b'google-cloud-sdk gcloud/334.0.0 command/gcloud.auth.application-default.login invocation-id/e0149dddecb14ead97bd8ff0fad6e00f environment/None environment-version/None interactive/True from-script/False python/3.8.5 term/xterm-256color (Linux 4.4.0-19041-Microsoft)'} and data {'grant_type': 'authorization_code', 'client_id': '764086051850-6qr4p6gpi6hn506pt8ejuq83di341hur.apps.googleusercontent.com', 'client_secret': 'd-FL95Q19q7MQmFpd7hHD0Ty', 'code': '4/1AY0e-g6vg6Hvwx5ur60j0RD38xa64bmdzRcuItpzB8vJqtLTxAAeastqJgQ', 'redirect_uri': 'urn:ietf:wg:oauth:2.0:oob', 'code_verifier': 'H9SgPq1F2fGHIriCv_8dd4uXmMjCAeBsbqjs5V.iaRsvlmQ-J66hOk-sWve3ZAC-Cy9gzG909HQwBlCmmgbqhC4JvpyApxXcu3WDqYPW6jaoMD7znt-O~5r7i8WPorOs'}
2021-04-04 05:02:03,412 DEBUG    requests_oauthlib.oauth2_session Passing through key word arguments {'json': None, 'timeout': None, 'auth': None, 'verify': True, 'proxies': None}.
2021-04-04 05:02:03,414 DEBUG    urllib3.connectionpool Starting new HTTPS connection (1): oauth2.googleapis.com:443
2021-04-04 05:02:03,591 DEBUG    urllib3.connectionpool https://oauth2.googleapis.com:443 "POST /token HTTP/1.1" 200 None
2021-04-04 05:02:03,592 DEBUG    requests_oauthlib.oauth2_session Prepared fetch token request body grant_type=authorization_code&client_id=764086051850-6qr4p6gpi6hn506pt8ejuq83di341hur.apps.googleusercontent.com&client_secret=d-FL95Q19q7MQmFpd7hHD0Ty&code=4%2F1AY0e-g6vg6Hvwx5ur60j0RD38xa64bmdzRcuItpzB8vJqtLTxAAeastqJgQ&redirect_uri=urn%3Aietf%3Awg%3Aoauth%3A2.0%3Aoob&code_verifier=H9SgPq1F2fGHIriCv_8dd4uXmMjCAeBsbqjs5V.iaRsvlmQ-J66hOk-sWve3ZAC-Cy9gzG909HQwBlCmmgbqhC4JvpyApxXcu3WDqYPW6jaoMD7znt-O~5r7i8WPorOs
2021-04-04 05:02:03,592 DEBUG    requests_oauthlib.oauth2_session Request to fetch token completed with status 200.
2021-04-04 05:02:03,593 DEBUG    requests_oauthlib.oauth2_session Request headers were {'user-agent': b'google-cloud-sdk gcloud/334.0.0 command/gcloud.auth.application-default.login invocation-id/e0149dddecb14ead97bd8ff0fad6e00f environment/None environment-version/None interactive/True from-script/False python/3.8.5 term/xterm-256color (Linux 4.4.0-19041-Microsoft)', 'Accept-Encoding': 'gzip, deflate', 'Accept': b'application/json', 'Connection': 'keep-alive', 'Content-Type': b'application/x-www-form-urlencoded;charset=UTF-8', 'Content-Length': '413'}
2021-04-04 05:02:03,593 DEBUG    requests_oauthlib.oauth2_session Request body was grant_type=authorization_code&client_id=764086051850-6qr4p6gpi6hn506pt8ejuq83di341hur.apps.googleusercontent.com&client_secret=d-FL95Q19q7MQmFpd7hHD0Ty&code=4%2F1AY0e-g6vg6Hvwx5ur60j0RD38xa64bmdzRcuItpzB8vJqtLTxAAeastqJgQ&redirect_uri=urn%3Aietf%3Awg%3Aoauth%3A2.0%3Aoob&code_verifier=H9SgPq1F2fGHIriCv_8dd4uXmMjCAeBsbqjs5V.iaRsvlmQ-J66hOk-sWve3ZAC-Cy9gzG909HQwBlCmmgbqhC4JvpyApxXcu3WDqYPW6jaoMD7znt-O~5r7i8WPorOs
2021-04-04 05:02:03,593 DEBUG    requests_oauthlib.oauth2_session Response headers were {'Date': 'Sun, 04 Apr 2021 10:02:03 GMT', 'Cache-Control': 'no-cache, no-store, max-age=0, must-revalidate', 'Expires': 'Mon, 01 Jan 1990 00:00:00 GMT', 'Pragma': 'no-cache', 'Content-Type': 'application/json; charset=utf-8', 'Vary': 'Origin, X-Origin, Referer', 'Content-Encoding': 'gzip', 'Server': 'scaffolding on HTTPServer2', 'X-XSS-Protection': '0', 'X-Frame-Options': 'SAMEORIGIN', 'X-Content-Type-Options': 'nosniff', 'Alt-Svc': 'h3-29=":443"; ma=2592000,h3-T051=":443"; ma=2592000,h3-Q050=":443"; ma=2592000,h3-Q046=":443"; ma=2592000,h3-Q043=":443"; ma=2592000,quic=":443"; ma=2592000; v="46,43"', 'Transfer-Encoding': 'chunked'} and content {
  "access_token": "ya29.a0AfH6SMCZCwmoanBTowEqeCPoyFNDv6o-a9WgkF944FmhPz-OdeZwYUthyGtHLQdWHIOMzJRuzTRYL_scxk9aQwBrWmRCosy67lTtE55eB6YTTCug9phmSZh23oc1-YXeenMBPxpTC0et2mjn-5IAbrLlPVVq",
  "expires_in": 3599,
  "refresh_token": "1//041E1bdSUz7-JCgYIARAAGAQSNwF-L9IrbTQA60AdKmZGNBPrp0RqRLTuHdjnYRun6HuGiDG5ky03POyXAtnsF15kYVGU7DJCH8o",
  "scope": "https://www.googleapis.com/auth/userinfo.email https://www.googleapis.com/auth/accounts.reauth openid https://www.googleapis.com/auth/cloud-platform",
  "token_type": "Bearer",
  "id_token": "eyJhbGciOiJSUzI1NiIsImtpZCI6IjEzZThkNDVhNDNjYjIyNDIxNTRjN2Y0ZGFmYWMyOTMzZmVhMjAzNzQiLCJ0eXAiOiJKV1QifQ.eyJpc3MiOiJodHRwczovL2FjY291bnRzLmdvb2dsZS5jb20iLCJhenAiOiI3NjQwODYwNTE4NTAtNnFyNHA2Z3BpNmhuNTA2cHQ4ZWp1cTgzZGkzNDFodXIuYXBwcy5nb29nbGV1c2VyY29udGVudC5jb20iLCJhdWQiOiI3NjQwODYwNTE4NTAtNnFyNHA2Z3BpNmhuNTA2cHQ4ZWp1cTgzZGkzNDFodXIuYXBwcy5nb29nbGV1c2VyY29udGVudC5jb20iLCJzdWIiOiIxMTcyODQwNTg1NTI2ODE0OTg5MDEiLCJlbWFpbCI6Imp1bGlhbnJ1aXo3MzdAZ21haWwuY29tIiwiZW1haWxfdmVyaWZpZWQiOnRydWUsImF0X2hhc2giOiJIUWNoaG1HRkVYbFRHZS1pVWpYZ1J3IiwiaWF0IjoxNjE3NTMwNTIzLCJleHAiOjE2MTc1MzQxMjN9.HXL9209ffDooypeHh4jmqNjiUYdsmA0Fm2qnPEU8wN3cW4BD4Tq-9lT83LdtA6wlu_wo1oCX6JgBa3CfLtgsUbF_LcZ48ig3iq9iLkE2R1Qd5TmN_Cp6BhOqweJ0oyZRmCe1tPReuJqmVWZvvzkHPJyHX-FWuiZaKD4Om1NGlWiRgeS47iM8a761YBWK2Ap9uCLQUpbihj04JL1ChbcZMhkmEWkrnFMyP2lUKZ5YwmIEWkcjf_xjFWhn8huiglSk8yuf5naXl0oCR8ReLMq1PZHoA-hN4qlYr-AolJPMFWEFSV-2_km9wIM7nhz9om1pNtVlub0o8HNccJqa0LVd0Q"
}.
2021-04-04 05:02:03,593 DEBUG    requests_oauthlib.oauth2_session Invoking 0 token response hooks.
2021-04-04 05:02:03,593 DEBUG    requests_oauthlib.oauth2_session Obtained token {'access_token': 'ya29.a0AfH6SMCZCwmoanBTowEqeCPoyFNDv6o-a9WgkF944FmhPz-OdeZwYUthyGtHLQdWHIOMzJRuzTRYL_scxk9aQwBrWmRCosy67lTtE55eB6YTTCug9phmSZh23oc1-YXeenMBPxpTC0et2mjn-5IAbrLlPVVq', 'expires_in': 3599, 'refresh_token': '1//041E1bdSUz7-JCgYIARAAGAQSNwF-L9IrbTQA60AdKmZGNBPrp0RqRLTuHdjnYRun6HuGiDG5ky03POyXAtnsF15kYVGU7DJCH8o', 'scope': ['https://www.googleapis.com/auth/userinfo.email', 'https://www.googleapis.com/auth/accounts.reauth', 'openid', 'https://www.googleapis.com/auth/cloud-platform'], 'token_type': 'Bearer', 'id_token': 'eyJhbGciOiJSUzI1NiIsImtpZCI6IjEzZThkNDVhNDNjYjIyNDIxNTRjN2Y0ZGFmYWMyOTMzZmVhMjAzNzQiLCJ0eXAiOiJKV1QifQ.eyJpc3MiOiJodHRwczovL2FjY291bnRzLmdvb2dsZS5jb20iLCJhenAiOiI3NjQwODYwNTE4NTAtNnFyNHA2Z3BpNmhuNTA2cHQ4ZWp1cTgzZGkzNDFodXIuYXBwcy5nb29nbGV1c2VyY29udGVudC5jb20iLCJhdWQiOiI3NjQwODYwNTE4NTAtNnFyNHA2Z3BpNmhuNTA2cHQ4ZWp1cTgzZGkzNDFodXIuYXBwcy5nb29nbGV1c2VyY29udGVudC5jb20iLCJzdWIiOiIxMTcyODQwNTg1NTI2ODE0OTg5MDEiLCJlbWFpbCI6Imp1bGlhbnJ1aXo3MzdAZ21haWwuY29tIiwiZW1haWxfdmVyaWZpZWQiOnRydWUsImF0X2hhc2giOiJIUWNoaG1HRkVYbFRHZS1pVWpYZ1J3IiwiaWF0IjoxNjE3NTMwNTIzLCJleHAiOjE2MTc1MzQxMjN9.HXL9209ffDooypeHh4jmqNjiUYdsmA0Fm2qnPEU8wN3cW4BD4Tq-9lT83LdtA6wlu_wo1oCX6JgBa3CfLtgsUbF_LcZ48ig3iq9iLkE2R1Qd5TmN_Cp6BhOqweJ0oyZRmCe1tPReuJqmVWZvvzkHPJyHX-FWuiZaKD4Om1NGlWiRgeS47iM8a761YBWK2Ap9uCLQUpbihj04JL1ChbcZMhkmEWkrnFMyP2lUKZ5YwmIEWkcjf_xjFWhn8huiglSk8yuf5naXl0oCR8ReLMq1PZHoA-hN4qlYr-AolJPMFWEFSV-2_km9wIM7nhz9om1pNtVlub0o8HNccJqa0LVd0Q', 'expires_at': 1617534122.5937092}.
2021-04-04 05:02:03,595 INFO     ___FILE_ONLY___ 
Credentials saved to file: [/home/jruiz737/.config/gcloud/application_default_credentials.json]

2021-04-04 05:02:03,595 INFO     ___FILE_ONLY___ 
These credentials will be used by any library that requests Application Default Credentials (ADC).

2021-04-04 05:02:03,611 INFO     root            Using alternate credentials from file: [/home/jruiz737/.config/gcloud/application_default_credentials.json]
2021-04-04 05:02:03,626 DEBUG    google.auth.transport.requests Making request: POST https://oauth2.googleapis.com/token
2021-04-04 05:02:03,629 DEBUG    urllib3.connectionpool Starting new HTTPS connection (1): oauth2.googleapis.com:443
2021-04-04 05:02:03,766 DEBUG    urllib3.connectionpool https://oauth2.googleapis.com:443 "POST /token HTTP/1.1" 200 None
2021-04-04 05:02:03,773 INFO     root            Using alternate credentials from file: [/home/jruiz737/.config/gcloud/application_default_credentials.json]
2021-04-04 05:02:03,811 DEBUG    urllib3.connectionpool Starting new HTTPS connection (1): cloudresourcemanager.googleapis.com:443
2021-04-04 05:02:03,939 DEBUG    urllib3.connectionpool https://cloudresourcemanager.googleapis.com:443 "POST /v1/projects/zugzug-307103:testIamPermissions?alt=json HTTP/1.1" 200 None
2021-04-04 05:02:03,941 INFO     ___FILE_ONLY___ 
Quota project "zugzug-307103" was added to ADC which can be used by Google client libraries for billing and quota. Note that some services may still bill the project owning the resource.

2021-04-04 05:02:03,947 INFO     root            Display format: "none"
