2021-04-04 05:14:40,667 DEBUG    root            Loaded Command Group: ['gcloud', 'auth']
2021-04-04 05:14:40,676 DEBUG    root            Loaded Command Group: ['gcloud', 'auth', 'application_default']
2021-04-04 05:14:40,969 DEBUG    root            Loaded Command Group: ['gcloud', 'auth', 'application-default', 'login']
2021-04-04 05:14:40,972 DEBUG    root            Running [gcloud.auth.application-default.login] with arguments: []
2021-04-04 05:14:40,990 DEBUG    requests_oauthlib.oauth2_session Generated new state 22oqNIRzOHcNbcbCaIkY0JyTXcIX0z.
2021-04-04 05:14:40,992 INFO     ___FILE_ONLY___ Go to the following link in your browser:

    https://accounts.google.com/o/oauth2/auth?response_type=code&client_id=764086051850-6qr4p6gpi6hn506pt8ejuq83di341hur.apps.googleusercontent.com&redirect_uri=urn%3Aietf%3Awg%3Aoauth%3A2.0%3Aoob&scope=openid+https%3A%2F%2Fwww.googleapis.com%2Fauth%2Fuserinfo.email+https%3A%2F%2Fwww.googleapis.com%2Fauth%2Fcloud-platform+https%3A%2F%2Fwww.googleapis.com%2Fauth%2Faccounts.reauth&state=22oqNIRzOHcNbcbCaIkY0JyTXcIX0z&prompt=consent&access_type=offline&code_challenge=3KxsPdlm2sl8rPUISU8qgh4Q93jyLRnjeXwo_6D5CSw&code_challenge_method=S256


2021-04-04 05:15:05,107 DEBUG    requests_oauthlib.oauth2_session Requesting url https://oauth2.googleapis.com/token using method POST.
2021-04-04 05:15:05,107 DEBUG    requests_oauthlib.oauth2_session Supplying headers {b'Accept': b'application/json', b'Content-Type': b'application/x-www-form-urlencoded;charset=UTF-8', b'user-agent': b'google-cloud-sdk gcloud/334.0.0 command/gcloud.auth.application-default.login invocation-id/ad2b26fb6def4e6399f6edc21890cce7 environment/None environment-version/None interactive/True from-script/False python/3.8.5 term/xterm-256color (Linux 4.4.0-19041-Microsoft)'} and data {'grant_type': 'authorization_code', 'client_id': '764086051850-6qr4p6gpi6hn506pt8ejuq83di341hur.apps.googleusercontent.com', 'client_secret': 'd-FL95Q19q7MQmFpd7hHD0Ty', 'code': '4/1AY0e-g5sSaEkJ6H42xDpEhgINhCVTLG2290pd9hO1qthdAXkCa6lRv5vlno', 'redirect_uri': 'urn:ietf:wg:oauth:2.0:oob', 'code_verifier': 'zhKtKFFPDAhtKukkFqoOnxPugZvUHxkRx21wKKrZlLqw9iTA3MSSbvK-gmNmCbTeCfcfPMMV5fhatThUOvA19GowpyzRNz0AUaGf.s-C7depo71VrtkYKAh6HrYug2qW'}
2021-04-04 05:15:05,107 DEBUG    requests_oauthlib.oauth2_session Passing through key word arguments {'json': None, 'timeout': None, 'auth': None, 'verify': True, 'proxies': None}.
2021-04-04 05:15:05,109 DEBUG    urllib3.connectionpool Starting new HTTPS connection (1): oauth2.googleapis.com:443
2021-04-04 05:15:05,307 DEBUG    urllib3.connectionpool https://oauth2.googleapis.com:443 "POST /token HTTP/1.1" 200 None
2021-04-04 05:15:05,307 DEBUG    requests_oauthlib.oauth2_session Prepared fetch token request body grant_type=authorization_code&client_id=764086051850-6qr4p6gpi6hn506pt8ejuq83di341hur.apps.googleusercontent.com&client_secret=d-FL95Q19q7MQmFpd7hHD0Ty&code=4%2F1AY0e-g5sSaEkJ6H42xDpEhgINhCVTLG2290pd9hO1qthdAXkCa6lRv5vlno&redirect_uri=urn%3Aietf%3Awg%3Aoauth%3A2.0%3Aoob&code_verifier=zhKtKFFPDAhtKukkFqoOnxPugZvUHxkRx21wKKrZlLqw9iTA3MSSbvK-gmNmCbTeCfcfPMMV5fhatThUOvA19GowpyzRNz0AUaGf.s-C7depo71VrtkYKAh6HrYug2qW
2021-04-04 05:15:05,307 DEBUG    requests_oauthlib.oauth2_session Request to fetch token completed with status 200.
2021-04-04 05:15:05,308 DEBUG    requests_oauthlib.oauth2_session Request headers were {'user-agent': b'google-cloud-sdk gcloud/334.0.0 command/gcloud.auth.application-default.login invocation-id/ad2b26fb6def4e6399f6edc21890cce7 environment/None environment-version/None interactive/True from-script/False python/3.8.5 term/xterm-256color (Linux 4.4.0-19041-Microsoft)', 'Accept-Encoding': 'gzip, deflate', 'Accept': b'application/json', 'Connection': 'keep-alive', 'Content-Type': b'application/x-www-form-urlencoded;charset=UTF-8', 'Content-Length': '413'}
2021-04-04 05:15:05,308 DEBUG    requests_oauthlib.oauth2_session Request body was grant_type=authorization_code&client_id=764086051850-6qr4p6gpi6hn506pt8ejuq83di341hur.apps.googleusercontent.com&client_secret=d-FL95Q19q7MQmFpd7hHD0Ty&code=4%2F1AY0e-g5sSaEkJ6H42xDpEhgINhCVTLG2290pd9hO1qthdAXkCa6lRv5vlno&redirect_uri=urn%3Aietf%3Awg%3Aoauth%3A2.0%3Aoob&code_verifier=zhKtKFFPDAhtKukkFqoOnxPugZvUHxkRx21wKKrZlLqw9iTA3MSSbvK-gmNmCbTeCfcfPMMV5fhatThUOvA19GowpyzRNz0AUaGf.s-C7depo71VrtkYKAh6HrYug2qW
2021-04-04 05:15:05,309 DEBUG    requests_oauthlib.oauth2_session Response headers were {'Date': 'Sun, 04 Apr 2021 10:15:05 GMT', 'Pragma': 'no-cache', 'Cache-Control': 'no-cache, no-store, max-age=0, must-revalidate', 'Expires': 'Mon, 01 Jan 1990 00:00:00 GMT', 'Content-Type': 'application/json; charset=utf-8', 'Vary': 'Origin, X-Origin, Referer', 'Content-Encoding': 'gzip', 'Server': 'scaffolding on HTTPServer2', 'X-XSS-Protection': '0', 'X-Frame-Options': 'SAMEORIGIN', 'X-Content-Type-Options': 'nosniff', 'Alt-Svc': 'h3-29=":443"; ma=2592000,h3-T051=":443"; ma=2592000,h3-Q050=":443"; ma=2592000,h3-Q046=":443"; ma=2592000,h3-Q043=":443"; ma=2592000,quic=":443"; ma=2592000; v="46,43"', 'Transfer-Encoding': 'chunked'} and content {
  "access_token": "ya29.a0AfH6SMCKlSulYAfA94ONe8-5igu7hKGZ1xm6Nfxm5fkpLoZBbCRItijMcLqg10nK_wxpRN3kYbl0iKfFVJ3qt36e7ACS_WGYNC8lVbiNbSBi44qcFqt0A8rLNQcc6Jv8n7H_RIQmDTQPz2ZJjvqBNmrwnFKh",
  "expires_in": 3599,
  "refresh_token": "1//04E7q-_EBZ-bVCgYIARAAGAQSNwF-L9Ir9MkQmtudzyRRLOc57wEz2O9HONBjOqVw0cb2jenrFi569sUb7Z94tvccdQ1lvXQNU4w",
  "scope": "openid https://www.googleapis.com/auth/cloud-platform https://www.googleapis.com/auth/accounts.reauth https://www.googleapis.com/auth/userinfo.email",
  "token_type": "Bearer",
  "id_token": "eyJhbGciOiJSUzI1NiIsImtpZCI6IjEzZThkNDVhNDNjYjIyNDIxNTRjN2Y0ZGFmYWMyOTMzZmVhMjAzNzQiLCJ0eXAiOiJKV1QifQ.eyJpc3MiOiJodHRwczovL2FjY291bnRzLmdvb2dsZS5jb20iLCJhenAiOiI3NjQwODYwNTE4NTAtNnFyNHA2Z3BpNmhuNTA2cHQ4ZWp1cTgzZGkzNDFodXIuYXBwcy5nb29nbGV1c2VyY29udGVudC5jb20iLCJhdWQiOiI3NjQwODYwNTE4NTAtNnFyNHA2Z3BpNmhuNTA2cHQ4ZWp1cTgzZGkzNDFodXIuYXBwcy5nb29nbGV1c2VyY29udGVudC5jb20iLCJzdWIiOiIxMTcyODQwNTg1NTI2ODE0OTg5MDEiLCJlbWFpbCI6Imp1bGlhbnJ1aXo3MzdAZ21haWwuY29tIiwiZW1haWxfdmVyaWZpZWQiOnRydWUsImF0X2hhc2giOiJOOUg4NmowZ1VLNk9odzVXdmNyNXhnIiwiaWF0IjoxNjE3NTMxMzA1LCJleHAiOjE2MTc1MzQ5MDV9.LbQ8U4yjNdk4y8LpbvarFE0Pt3ALXymtJ7Xf4mSuk41c9_7r9BEtsZmps8cg46JdUY7Fgx-rV4kjYf4IyQ9rMuAl9ogModpZwSa-i3ZgOoE-rTcuTk4rS6KRcaVp5WEYh2B7XndLZeGePqQcXMIBaOnPdXzcfNWGwimiz9LCXuM2OQX3p3fzM1DYwLUdRfL_er0R2WxXUFzFradBvuWorkkKUnV_AiL-6ovDYrs_ant4263P54LULVqjQX9DvK4KEHxE7Yy72BSRlLsCGRO1flNtOYJsgOdUgJsCunK7NGmYqXjPlB7Msy6Qmvknql09KIBz6Dm5Hjn9mrP7tfFKsg"
}.
2021-04-04 05:15:05,309 DEBUG    requests_oauthlib.oauth2_session Invoking 0 token response hooks.
2021-04-04 05:15:05,309 DEBUG    requests_oauthlib.oauth2_session Obtained token {'access_token': 'ya29.a0AfH6SMCKlSulYAfA94ONe8-5igu7hKGZ1xm6Nfxm5fkpLoZBbCRItijMcLqg10nK_wxpRN3kYbl0iKfFVJ3qt36e7ACS_WGYNC8lVbiNbSBi44qcFqt0A8rLNQcc6Jv8n7H_RIQmDTQPz2ZJjvqBNmrwnFKh', 'expires_in': 3599, 'refresh_token': '1//04E7q-_EBZ-bVCgYIARAAGAQSNwF-L9Ir9MkQmtudzyRRLOc57wEz2O9HONBjOqVw0cb2jenrFi569sUb7Z94tvccdQ1lvXQNU4w', 'scope': ['openid', 'https://www.googleapis.com/auth/cloud-platform', 'https://www.googleapis.com/auth/accounts.reauth', 'https://www.googleapis.com/auth/userinfo.email'], 'token_type': 'Bearer', 'id_token': 'eyJhbGciOiJSUzI1NiIsImtpZCI6IjEzZThkNDVhNDNjYjIyNDIxNTRjN2Y0ZGFmYWMyOTMzZmVhMjAzNzQiLCJ0eXAiOiJKV1QifQ.eyJpc3MiOiJodHRwczovL2FjY291bnRzLmdvb2dsZS5jb20iLCJhenAiOiI3NjQwODYwNTE4NTAtNnFyNHA2Z3BpNmhuNTA2cHQ4ZWp1cTgzZGkzNDFodXIuYXBwcy5nb29nbGV1c2VyY29udGVudC5jb20iLCJhdWQiOiI3NjQwODYwNTE4NTAtNnFyNHA2Z3BpNmhuNTA2cHQ4ZWp1cTgzZGkzNDFodXIuYXBwcy5nb29nbGV1c2VyY29udGVudC5jb20iLCJzdWIiOiIxMTcyODQwNTg1NTI2ODE0OTg5MDEiLCJlbWFpbCI6Imp1bGlhbnJ1aXo3MzdAZ21haWwuY29tIiwiZW1haWxfdmVyaWZpZWQiOnRydWUsImF0X2hhc2giOiJOOUg4NmowZ1VLNk9odzVXdmNyNXhnIiwiaWF0IjoxNjE3NTMxMzA1LCJleHAiOjE2MTc1MzQ5MDV9.LbQ8U4yjNdk4y8LpbvarFE0Pt3ALXymtJ7Xf4mSuk41c9_7r9BEtsZmps8cg46JdUY7Fgx-rV4kjYf4IyQ9rMuAl9ogModpZwSa-i3ZgOoE-rTcuTk4rS6KRcaVp5WEYh2B7XndLZeGePqQcXMIBaOnPdXzcfNWGwimiz9LCXuM2OQX3p3fzM1DYwLUdRfL_er0R2WxXUFzFradBvuWorkkKUnV_AiL-6ovDYrs_ant4263P54LULVqjQX9DvK4KEHxE7Yy72BSRlLsCGRO1flNtOYJsgOdUgJsCunK7NGmYqXjPlB7Msy6Qmvknql09KIBz6Dm5Hjn9mrP7tfFKsg', 'expires_at': 1617534904.3093195}.
2021-04-04 05:15:05,310 INFO     ___FILE_ONLY___ 
Credentials saved to file: [/home/jruiz737/.config/gcloud/application_default_credentials.json]

2021-04-04 05:15:05,312 INFO     ___FILE_ONLY___ 
These credentials will be used by any library that requests Application Default Credentials (ADC).

2021-04-04 05:15:05,332 INFO     root            Using alternate credentials from file: [/home/jruiz737/.config/gcloud/application_default_credentials.json]
2021-04-04 05:15:05,348 DEBUG    google.auth.transport.requests Making request: POST https://oauth2.googleapis.com/token
2021-04-04 05:15:05,351 DEBUG    urllib3.connectionpool Starting new HTTPS connection (1): oauth2.googleapis.com:443
2021-04-04 05:15:05,458 DEBUG    urllib3.connectionpool https://oauth2.googleapis.com:443 "POST /token HTTP/1.1" 200 None
2021-04-04 05:15:05,465 INFO     root            Using alternate credentials from file: [/home/jruiz737/.config/gcloud/application_default_credentials.json]
2021-04-04 05:15:05,507 DEBUG    urllib3.connectionpool Starting new HTTPS connection (1): cloudresourcemanager.googleapis.com:443
2021-04-04 05:15:05,624 DEBUG    urllib3.connectionpool https://cloudresourcemanager.googleapis.com:443 "POST /v1/projects/zugzug-307103:testIamPermissions?alt=json HTTP/1.1" 200 None
2021-04-04 05:15:05,626 INFO     ___FILE_ONLY___ 
Quota project "zugzug-307103" was added to ADC which can be used by Google client libraries for billing and quota. Note that some services may still bill the project owning the resource.

2021-04-04 05:15:05,632 INFO     root            Display format: "none"
