2021-04-04 05:29:22,867 DEBUG    root            Loaded Command Group: ['gcloud', 'auth']
2021-04-04 05:29:23,162 DEBUG    root            Loaded Command Group: ['gcloud', 'auth', 'login']
2021-04-04 05:29:23,164 DEBUG    root            Running [gcloud.auth.login] with arguments: []
2021-04-04 05:29:23,182 DEBUG    requests_oauthlib.oauth2_session Generated new state VKltS7eBVLykghRhgCFD6LTnpHZ6XP.
2021-04-04 05:29:23,183 INFO     ___FILE_ONLY___ Go to the following link in your browser:

    https://accounts.google.com/o/oauth2/auth?response_type=code&client_id=32555940559.apps.googleusercontent.com&redirect_uri=urn%3Aietf%3Awg%3Aoauth%3A2.0%3Aoob&scope=openid+https%3A%2F%2Fwww.googleapis.com%2Fauth%2Fuserinfo.email+https%3A%2F%2Fwww.googleapis.com%2Fauth%2Fcloud-platform+https%3A%2F%2Fwww.googleapis.com%2Fauth%2Fappengine.admin+https%3A%2F%2Fwww.googleapis.com%2Fauth%2Fcompute+https%3A%2F%2Fwww.googleapis.com%2Fauth%2Faccounts.reauth&state=VKltS7eBVLykghRhgCFD6LTnpHZ6XP&prompt=consent&access_type=offline&code_challenge=rEC2qCfSIzFbbrCe5Tzxkno2voiuoK2OGiynLP5HeMU&code_challenge_method=S256


2021-04-04 05:29:43,346 DEBUG    requests_oauthlib.oauth2_session Requesting url https://oauth2.googleapis.com/token using method POST.
2021-04-04 05:29:43,346 DEBUG    requests_oauthlib.oauth2_session Supplying headers {b'Accept': b'application/json', b'Content-Type': b'application/x-www-form-urlencoded;charset=UTF-8', b'user-agent': b'google-cloud-sdk gcloud/334.0.0 command/gcloud.auth.login invocation-id/fb9a2495033a45d7a1be787b28b71a73 environment/None environment-version/None interactive/True from-script/False python/3.8.5 term/xterm-256color (Linux 4.4.0-19041-Microsoft)'} and data {'grant_type': 'authorization_code', 'client_id': '32555940559.apps.googleusercontent.com', 'client_secret': 'ZmssLNjJy2998hD4CTg2ejr2', 'code': '4/1AY0e-g4KiFw76nfKZZk8HSZLQcBvdfGOgk-DzvAJjUns7pmgbdE-VtoSIyQ', 'redirect_uri': 'urn:ietf:wg:oauth:2.0:oob', 'code_verifier': '3w_7hIvr5w4NC_rPvPnMMRxvVAaJi4x4mpdhQk08V3l6IQz4dKcY4971aMJ_vmJPngLqoebM6zNXiR4.TCjmOFpy.kcAxsgGpY3iikka7eZKmgzU.e_oEUwXFw8.Ah.p'}
2021-04-04 05:29:43,346 DEBUG    requests_oauthlib.oauth2_session Passing through key word arguments {'json': None, 'timeout': None, 'auth': None, 'verify': True, 'proxies': None}.
2021-04-04 05:29:43,348 DEBUG    urllib3.connectionpool Starting new HTTPS connection (1): oauth2.googleapis.com:443
2021-04-04 05:29:43,557 DEBUG    urllib3.connectionpool https://oauth2.googleapis.com:443 "POST /token HTTP/1.1" 200 None
2021-04-04 05:29:43,558 DEBUG    requests_oauthlib.oauth2_session Prepared fetch token request body grant_type=authorization_code&client_id=32555940559.apps.googleusercontent.com&client_secret=ZmssLNjJy2998hD4CTg2ejr2&code=4%2F1AY0e-g4KiFw76nfKZZk8HSZLQcBvdfGOgk-DzvAJjUns7pmgbdE-VtoSIyQ&redirect_uri=urn%3Aietf%3Awg%3Aoauth%3A2.0%3Aoob&code_verifier=3w_7hIvr5w4NC_rPvPnMMRxvVAaJi4x4mpdhQk08V3l6IQz4dKcY4971aMJ_vmJPngLqoebM6zNXiR4.TCjmOFpy.kcAxsgGpY3iikka7eZKmgzU.e_oEUwXFw8.Ah.p
2021-04-04 05:29:43,558 DEBUG    requests_oauthlib.oauth2_session Request to fetch token completed with status 200.
2021-04-04 05:29:43,558 DEBUG    requests_oauthlib.oauth2_session Request headers were {'user-agent': b'google-cloud-sdk gcloud/334.0.0 command/gcloud.auth.login invocation-id/fb9a2495033a45d7a1be787b28b71a73 environment/None environment-version/None interactive/True from-script/False python/3.8.5 term/xterm-256color (Linux 4.4.0-19041-Microsoft)', 'Accept-Encoding': 'gzip, deflate', 'Accept': b'application/json', 'Connection': 'keep-alive', 'Content-Type': b'application/x-www-form-urlencoded;charset=UTF-8', 'Content-Length': '379'}
2021-04-04 05:29:43,558 DEBUG    requests_oauthlib.oauth2_session Request body was grant_type=authorization_code&client_id=32555940559.apps.googleusercontent.com&client_secret=ZmssLNjJy2998hD4CTg2ejr2&code=4%2F1AY0e-g4KiFw76nfKZZk8HSZLQcBvdfGOgk-DzvAJjUns7pmgbdE-VtoSIyQ&redirect_uri=urn%3Aietf%3Awg%3Aoauth%3A2.0%3Aoob&code_verifier=3w_7hIvr5w4NC_rPvPnMMRxvVAaJi4x4mpdhQk08V3l6IQz4dKcY4971aMJ_vmJPngLqoebM6zNXiR4.TCjmOFpy.kcAxsgGpY3iikka7eZKmgzU.e_oEUwXFw8.Ah.p
2021-04-04 05:29:43,558 DEBUG    requests_oauthlib.oauth2_session Response headers were {'Expires': 'Mon, 01 Jan 1990 00:00:00 GMT', 'Cache-Control': 'no-cache, no-store, max-age=0, must-revalidate', 'Pragma': 'no-cache', 'Date': 'Sun, 04 Apr 2021 10:29:43 GMT', 'Content-Type': 'application/json; charset=utf-8', 'Vary': 'Origin, X-Origin, Referer', 'Content-Encoding': 'gzip', 'Server': 'scaffolding on HTTPServer2', 'X-XSS-Protection': '0', 'X-Frame-Options': 'SAMEORIGIN', 'X-Content-Type-Options': 'nosniff', 'Alt-Svc': 'h3-29=":443"; ma=2592000,h3-T051=":443"; ma=2592000,h3-Q050=":443"; ma=2592000,h3-Q046=":443"; ma=2592000,h3-Q043=":443"; ma=2592000,quic=":443"; ma=2592000; v="46,43"', 'Transfer-Encoding': 'chunked'} and content {
  "access_token": "ya29.a0AfH6SMAqLO3SWGc4elW91l2-HmuxP457HTKYkhHUc_7BKL1Vugo7iB69_P8b8xRQQAayn76L89NuzeZEgF8uv32hJFTHUPfz7EOTQcgSxksUq_gszUw0BkPMEX7w7u9WqekBq-t2bSFPy1wdGoO3oLx32G5hWXusviBI",
  "expires_in": 3599,
  "refresh_token": "1//04uudMop-zqukCgYIARAAGAQSNwF-L9IrfdssyOhmaVOIR4fTpzAfdraNe3qytVy4SqXMXDoOXQEKGktvph3HAbWcqgwVKqScTds",
  "scope": "https://www.googleapis.com/auth/userinfo.email https://www.googleapis.com/auth/appengine.admin https://www.googleapis.com/auth/compute https://www.googleapis.com/auth/accounts.reauth openid https://www.googleapis.com/auth/cloud-platform",
  "token_type": "Bearer",
  "id_token": "eyJhbGciOiJSUzI1NiIsImtpZCI6IjEzZThkNDVhNDNjYjIyNDIxNTRjN2Y0ZGFmYWMyOTMzZmVhMjAzNzQiLCJ0eXAiOiJKV1QifQ.eyJpc3MiOiJodHRwczovL2FjY291bnRzLmdvb2dsZS5jb20iLCJhenAiOiIzMjU1NTk0MDU1OS5hcHBzLmdvb2dsZXVzZXJjb250ZW50LmNvbSIsImF1ZCI6IjMyNTU1OTQwNTU5LmFwcHMuZ29vZ2xldXNlcmNvbnRlbnQuY29tIiwic3ViIjoiMTE3Mjg0MDU4NTUyNjgxNDk4OTAxIiwiZW1haWwiOiJqdWxpYW5ydWl6NzM3QGdtYWlsLmNvbSIsImVtYWlsX3ZlcmlmaWVkIjp0cnVlLCJhdF9oYXNoIjoiQlJvdDgwV3JST2czXzdDaXo4ZEhKUSIsImlhdCI6MTYxNzUzMjE4MywiZXhwIjoxNjE3NTM1NzgzfQ.QxBvgNg586_qFiYSHP5rEWT-EXxI_eKX9_2r1znkUjFbr6feELbxjilnWpkknD_46IofunqsqaO221AngVUIPEYcx7IG2x3IycdfSzIvja8dJghlTuuDK7htt0laE2SWENvNzfDOIu1DDb9Ex2SutLdAZpBNWbkuLKU7r6vjRlgA3rWbeczECQ534BlXmcaTcTBDE3qSeJah5Bu5xiHi4qYIf-pRXZG-sjbciWKcG1Z2Wty7BNAIpD82Sg2AWJeYuzQyD89foBLToXwQSVL1ttCBpSGkiXuuJXAl8qJ19AcMsfvvJ4REGHU7_8jsmfb5w_JqbhXzkobIU2oMY3CWvw"
}.
2021-04-04 05:29:43,559 DEBUG    requests_oauthlib.oauth2_session Invoking 0 token response hooks.
2021-04-04 05:29:43,559 DEBUG    requests_oauthlib.oauth2_session Obtained token {'access_token': 'ya29.a0AfH6SMAqLO3SWGc4elW91l2-HmuxP457HTKYkhHUc_7BKL1Vugo7iB69_P8b8xRQQAayn76L89NuzeZEgF8uv32hJFTHUPfz7EOTQcgSxksUq_gszUw0BkPMEX7w7u9WqekBq-t2bSFPy1wdGoO3oLx32G5hWXusviBI', 'expires_in': 3599, 'refresh_token': '1//04uudMop-zqukCgYIARAAGAQSNwF-L9IrfdssyOhmaVOIR4fTpzAfdraNe3qytVy4SqXMXDoOXQEKGktvph3HAbWcqgwVKqScTds', 'scope': ['https://www.googleapis.com/auth/userinfo.email', 'https://www.googleapis.com/auth/appengine.admin', 'https://www.googleapis.com/auth/compute', 'https://www.googleapis.com/auth/accounts.reauth', 'openid', 'https://www.googleapis.com/auth/cloud-platform'], 'token_type': 'Bearer', 'id_token': 'eyJhbGciOiJSUzI1NiIsImtpZCI6IjEzZThkNDVhNDNjYjIyNDIxNTRjN2Y0ZGFmYWMyOTMzZmVhMjAzNzQiLCJ0eXAiOiJKV1QifQ.eyJpc3MiOiJodHRwczovL2FjY291bnRzLmdvb2dsZS5jb20iLCJhenAiOiIzMjU1NTk0MDU1OS5hcHBzLmdvb2dsZXVzZXJjb250ZW50LmNvbSIsImF1ZCI6IjMyNTU1OTQwNTU5LmFwcHMuZ29vZ2xldXNlcmNvbnRlbnQuY29tIiwic3ViIjoiMTE3Mjg0MDU4NTUyNjgxNDk4OTAxIiwiZW1haWwiOiJqdWxpYW5ydWl6NzM3QGdtYWlsLmNvbSIsImVtYWlsX3ZlcmlmaWVkIjp0cnVlLCJhdF9oYXNoIjoiQlJvdDgwV3JST2czXzdDaXo4ZEhKUSIsImlhdCI6MTYxNzUzMjE4MywiZXhwIjoxNjE3NTM1NzgzfQ.QxBvgNg586_qFiYSHP5rEWT-EXxI_eKX9_2r1znkUjFbr6feELbxjilnWpkknD_46IofunqsqaO221AngVUIPEYcx7IG2x3IycdfSzIvja8dJghlTuuDK7htt0laE2SWENvNzfDOIu1DDb9Ex2SutLdAZpBNWbkuLKU7r6vjRlgA3rWbeczECQ534BlXmcaTcTBDE3qSeJah5Bu5xiHi4qYIf-pRXZG-sjbciWKcG1Z2Wty7BNAIpD82Sg2AWJeYuzQyD89foBLToXwQSVL1ttCBpSGkiXuuJXAl8qJ19AcMsfvvJ4REGHU7_8jsmfb5w_JqbhXzkobIU2oMY3CWvw', 'expires_at': 1617535782.5591428}.
2021-04-04 05:29:43,602 INFO     ___FILE_ONLY___ 
You are now logged in as [julianruiz737@gmail.com].
Your current project is [zugzug-307103].  You can change this setting by running:
  $ gcloud config set project PROJECT_ID

2021-04-04 05:29:43,609 INFO     root            Display format: "none"
