2021-04-04 05:28:47,331 DEBUG    root            Loaded Command Group: ['gcloud', 'auth']
2021-04-04 05:28:47,623 DEBUG    root            Loaded Command Group: ['gcloud', 'auth', 'login']
2021-04-04 05:28:47,626 DEBUG    root            Running [gcloud.auth.login] with arguments: []
2021-04-04 05:28:47,643 DEBUG    requests_oauthlib.oauth2_session Generated new state JFwwWm3cgL4z8uunjbpE8zq5kREeRH.
2021-04-04 05:28:47,644 INFO     ___FILE_ONLY___ Go to the following link in your browser:

    https://accounts.google.com/o/oauth2/auth?response_type=code&client_id=32555940559.apps.googleusercontent.com&redirect_uri=urn%3Aietf%3Awg%3Aoauth%3A2.0%3Aoob&scope=openid+https%3A%2F%2Fwww.googleapis.com%2Fauth%2Fuserinfo.email+https%3A%2F%2Fwww.googleapis.com%2Fauth%2Fcloud-platform+https%3A%2F%2Fwww.googleapis.com%2Fauth%2Fappengine.admin+https%3A%2F%2Fwww.googleapis.com%2Fauth%2Fcompute+https%3A%2F%2Fwww.googleapis.com%2Fauth%2Faccounts.reauth&state=JFwwWm3cgL4z8uunjbpE8zq5kREeRH&prompt=consent&access_type=offline&code_challenge=qaj-fds5i-IjS-pHC7uzqBEdN8w7oO2F0qyPeKAE6x0&code_challenge_method=S256


2021-04-04 05:29:07,972 DEBUG    requests_oauthlib.oauth2_session Requesting url https://oauth2.googleapis.com/token using method POST.
2021-04-04 05:29:07,972 DEBUG    requests_oauthlib.oauth2_session Supplying headers {b'Accept': b'application/json', b'Content-Type': b'application/x-www-form-urlencoded;charset=UTF-8', b'user-agent': b'google-cloud-sdk gcloud/334.0.0 command/gcloud.auth.login invocation-id/f3aa967dfbd34e5eb0bb9116149d7d26 environment/None environment-version/None interactive/True from-script/False python/3.8.5 term/xterm-256color (Linux 4.4.0-19041-Microsoft)'} and data {'grant_type': 'authorization_code', 'client_id': '32555940559.apps.googleusercontent.com', 'client_secret': 'ZmssLNjJy2998hD4CTg2ejr2', 'code': '4/1AY0e-g5xNaJuzxXtOfAlMFiswPxi7z9SDJjPgSjTkwyVDv64F0AUtyWv4ag', 'redirect_uri': 'urn:ietf:wg:oauth:2.0:oob', 'code_verifier': 'UyY_PWKgOl8YRHtAaz0mLAV6l9FE1ayDvhyRkbf34uh~VDFVM0imz.iDS1~b8~fhIPtVuYHO.PDSeFy7VqRAyMY-wMbJYHaV-~atVXiXeiePBmLBoTn3onPKERBrb9-_'}
2021-04-04 05:29:07,972 DEBUG    requests_oauthlib.oauth2_session Passing through key word arguments {'json': None, 'timeout': None, 'auth': None, 'verify': True, 'proxies': None}.
2021-04-04 05:29:07,974 DEBUG    urllib3.connectionpool Starting new HTTPS connection (1): oauth2.googleapis.com:443
2021-04-04 05:29:08,147 DEBUG    urllib3.connectionpool https://oauth2.googleapis.com:443 "POST /token HTTP/1.1" 200 None
2021-04-04 05:29:08,147 DEBUG    requests_oauthlib.oauth2_session Prepared fetch token request body grant_type=authorization_code&client_id=32555940559.apps.googleusercontent.com&client_secret=ZmssLNjJy2998hD4CTg2ejr2&code=4%2F1AY0e-g5xNaJuzxXtOfAlMFiswPxi7z9SDJjPgSjTkwyVDv64F0AUtyWv4ag&redirect_uri=urn%3Aietf%3Awg%3Aoauth%3A2.0%3Aoob&code_verifier=UyY_PWKgOl8YRHtAaz0mLAV6l9FE1ayDvhyRkbf34uh~VDFVM0imz.iDS1~b8~fhIPtVuYHO.PDSeFy7VqRAyMY-wMbJYHaV-~atVXiXeiePBmLBoTn3onPKERBrb9-_
2021-04-04 05:29:08,148 DEBUG    requests_oauthlib.oauth2_session Request to fetch token completed with status 200.
2021-04-04 05:29:08,148 DEBUG    requests_oauthlib.oauth2_session Request headers were {'user-agent': b'google-cloud-sdk gcloud/334.0.0 command/gcloud.auth.login invocation-id/f3aa967dfbd34e5eb0bb9116149d7d26 environment/None environment-version/None interactive/True from-script/False python/3.8.5 term/xterm-256color (Linux 4.4.0-19041-Microsoft)', 'Accept-Encoding': 'gzip, deflate', 'Accept': b'application/json', 'Connection': 'keep-alive', 'Content-Type': b'application/x-www-form-urlencoded;charset=UTF-8', 'Content-Length': '379'}
2021-04-04 05:29:08,148 DEBUG    requests_oauthlib.oauth2_session Request body was grant_type=authorization_code&client_id=32555940559.apps.googleusercontent.com&client_secret=ZmssLNjJy2998hD4CTg2ejr2&code=4%2F1AY0e-g5xNaJuzxXtOfAlMFiswPxi7z9SDJjPgSjTkwyVDv64F0AUtyWv4ag&redirect_uri=urn%3Aietf%3Awg%3Aoauth%3A2.0%3Aoob&code_verifier=UyY_PWKgOl8YRHtAaz0mLAV6l9FE1ayDvhyRkbf34uh~VDFVM0imz.iDS1~b8~fhIPtVuYHO.PDSeFy7VqRAyMY-wMbJYHaV-~atVXiXeiePBmLBoTn3onPKERBrb9-_
2021-04-04 05:29:08,148 DEBUG    requests_oauthlib.oauth2_session Response headers were {'Expires': 'Mon, 01 Jan 1990 00:00:00 GMT', 'Date': 'Sun, 04 Apr 2021 10:29:08 GMT', 'Pragma': 'no-cache', 'Cache-Control': 'no-cache, no-store, max-age=0, must-revalidate', 'Content-Type': 'application/json; charset=utf-8', 'Vary': 'Origin, X-Origin, Referer', 'Content-Encoding': 'gzip', 'Server': 'scaffolding on HTTPServer2', 'X-XSS-Protection': '0', 'X-Frame-Options': 'SAMEORIGIN', 'X-Content-Type-Options': 'nosniff', 'Alt-Svc': 'h3-29=":443"; ma=2592000,h3-T051=":443"; ma=2592000,h3-Q050=":443"; ma=2592000,h3-Q046=":443"; ma=2592000,h3-Q043=":443"; ma=2592000,quic=":443"; ma=2592000; v="46,43"', 'Transfer-Encoding': 'chunked'} and content {
  "access_token": "ya29.a0AfH6SMCFPBRUWZ76K5q4Sfinywpqde_pbQyJ9iYOYoFtUd94cAJR_3vx3vcho7kN1H8K-UkqUgaKbHJxe8UuQi1o9tR3DOICCyf0tiIONiD3TGwInwfzvfD8vFBGxAySHIWu4vo3TRtN0J-MYD6do-kDXiTsmJvTR3PU",
  "expires_in": 3599,
  "refresh_token": "1//04t-ydpIF7yZpCgYIARAAGAQSNwF-L9IrAUqOad9HdWBrHtBnxppymDd_zLB4xeQxdoZQse1et--RxZVoSVGh4m6RO2IEf0iw6vo",
  "scope": "openid https://www.googleapis.com/auth/cloud-platform https://www.googleapis.com/auth/userinfo.email https://www.googleapis.com/auth/appengine.admin https://www.googleapis.com/auth/compute https://www.googleapis.com/auth/accounts.reauth",
  "token_type": "Bearer",
  "id_token": "eyJhbGciOiJSUzI1NiIsImtpZCI6IjEzZThkNDVhNDNjYjIyNDIxNTRjN2Y0ZGFmYWMyOTMzZmVhMjAzNzQiLCJ0eXAiOiJKV1QifQ.eyJpc3MiOiJodHRwczovL2FjY291bnRzLmdvb2dsZS5jb20iLCJhenAiOiIzMjU1NTk0MDU1OS5hcHBzLmdvb2dsZXVzZXJjb250ZW50LmNvbSIsImF1ZCI6IjMyNTU1OTQwNTU5LmFwcHMuZ29vZ2xldXNlcmNvbnRlbnQuY29tIiwic3ViIjoiMTEzNzkyNDI1NjI5NTMyMjM4NzY1IiwiaGQiOiJpbGxpbm9pcy5lZHUiLCJlbWFpbCI6ImpydWl6NDRAaWxsaW5vaXMuZWR1IiwiZW1haWxfdmVyaWZpZWQiOnRydWUsImF0X2hhc2giOiJKWGpWVEpySHZ1TUJQRmtJRlJZS25BIiwiaWF0IjoxNjE3NTMyMTQ4LCJleHAiOjE2MTc1MzU3NDh9.lVqOe5UcM1GwCiROxAQHGLIfh9iNrfzt7OsMd2Mcl_M1cXo1OcxzlF4LuiFc_RpuBnWfFZaAhzJKqX2tlI3iT8Q_UqW3S5ev5lI-7rKxvGbPPM0jLF-ViBjoD4Rv64j2gCIjtXxrvBgCnlP_OGZlyf8FdwgT5lFHMMOZEX17cUcaeD7pw4f4scC9YM4yz1jcIKDDTHWaiELxlrVzu-84uZ19_H_nVVnXxxTvfKhBx0lP4J3Lwq7OkFak_ed4gsqpfxZHTEfRzMZolb4cWhjdbVcPq1fAPI8uFpUGKCFY4xsCAgq5kS23D58LrPwG9J3KiEb149mUsynMbJdqFpp3dA"
}.
2021-04-04 05:29:08,148 DEBUG    requests_oauthlib.oauth2_session Invoking 0 token response hooks.
2021-04-04 05:29:08,148 DEBUG    requests_oauthlib.oauth2_session Obtained token {'access_token': 'ya29.a0AfH6SMCFPBRUWZ76K5q4Sfinywpqde_pbQyJ9iYOYoFtUd94cAJR_3vx3vcho7kN1H8K-UkqUgaKbHJxe8UuQi1o9tR3DOICCyf0tiIONiD3TGwInwfzvfD8vFBGxAySHIWu4vo3TRtN0J-MYD6do-kDXiTsmJvTR3PU', 'expires_in': 3599, 'refresh_token': '1//04t-ydpIF7yZpCgYIARAAGAQSNwF-L9IrAUqOad9HdWBrHtBnxppymDd_zLB4xeQxdoZQse1et--RxZVoSVGh4m6RO2IEf0iw6vo', 'scope': ['openid', 'https://www.googleapis.com/auth/cloud-platform', 'https://www.googleapis.com/auth/userinfo.email', 'https://www.googleapis.com/auth/appengine.admin', 'https://www.googleapis.com/auth/compute', 'https://www.googleapis.com/auth/accounts.reauth'], 'token_type': 'Bearer', 'id_token': 'eyJhbGciOiJSUzI1NiIsImtpZCI6IjEzZThkNDVhNDNjYjIyNDIxNTRjN2Y0ZGFmYWMyOTMzZmVhMjAzNzQiLCJ0eXAiOiJKV1QifQ.eyJpc3MiOiJodHRwczovL2FjY291bnRzLmdvb2dsZS5jb20iLCJhenAiOiIzMjU1NTk0MDU1OS5hcHBzLmdvb2dsZXVzZXJjb250ZW50LmNvbSIsImF1ZCI6IjMyNTU1OTQwNTU5LmFwcHMuZ29vZ2xldXNlcmNvbnRlbnQuY29tIiwic3ViIjoiMTEzNzkyNDI1NjI5NTMyMjM4NzY1IiwiaGQiOiJpbGxpbm9pcy5lZHUiLCJlbWFpbCI6ImpydWl6NDRAaWxsaW5vaXMuZWR1IiwiZW1haWxfdmVyaWZpZWQiOnRydWUsImF0X2hhc2giOiJKWGpWVEpySHZ1TUJQRmtJRlJZS25BIiwiaWF0IjoxNjE3NTMyMTQ4LCJleHAiOjE2MTc1MzU3NDh9.lVqOe5UcM1GwCiROxAQHGLIfh9iNrfzt7OsMd2Mcl_M1cXo1OcxzlF4LuiFc_RpuBnWfFZaAhzJKqX2tlI3iT8Q_UqW3S5ev5lI-7rKxvGbPPM0jLF-ViBjoD4Rv64j2gCIjtXxrvBgCnlP_OGZlyf8FdwgT5lFHMMOZEX17cUcaeD7pw4f4scC9YM4yz1jcIKDDTHWaiELxlrVzu-84uZ19_H_nVVnXxxTvfKhBx0lP4J3Lwq7OkFak_ed4gsqpfxZHTEfRzMZolb4cWhjdbVcPq1fAPI8uFpUGKCFY4xsCAgq5kS23D58LrPwG9J3KiEb149mUsynMbJdqFpp3dA', 'expires_at': 1617535747.1485264}.
2021-04-04 05:29:08,193 INFO     ___FILE_ONLY___ 
You are now logged in as [jruiz44@illinois.edu].
Your current project is [zugzug-307103].  You can change this setting by running:
  $ gcloud config set project PROJECT_ID

2021-04-04 05:29:08,194 INFO     root            Display format: "none"
