2021-04-04 23:07:09,454 DEBUG    root            Loaded Command Group: ['gcloud', 'config']
2021-04-04 23:07:09,468 DEBUG    root            Loaded Command Group: ['gcloud', 'config', 'config_helper']
2021-04-04 23:07:09,470 DEBUG    root            Running [gcloud.config.config-helper] with arguments: [--format: "json", --min-expiry: "3600"]
2021-04-04 23:07:09,491 DEBUG    google.auth.transport.requests Making request: POST https://oauth2.googleapis.com/token
2021-04-04 23:07:09,493 DEBUG    urllib3.connectionpool Starting new HTTPS connection (1): oauth2.googleapis.com:443
2021-04-04 23:07:09,639 DEBUG    urllib3.connectionpool https://oauth2.googleapis.com:443 "POST /token HTTP/1.1" 200 None
2021-04-04 23:07:09,649 INFO     root            Display format: "default json"
2021-04-04 23:07:09,808 INFO     ___FILE_ONLY___ {
  "configuration": {
    "active_configuration": "default",
    "properties": {
      "accessibility": {
        "screen_reader": "False"
      },
      "core": {
        "account": "julianruiz737@gmail.com",
        "disable_usage_reporting": "True",
        "project": "zugzug-307103"
      }
    }
  },
  "credential": {
    "access_token": "ya29.a0AfH6SMCEn-T4kyrGWyetei6nTPR1lJ-Y562RSgR_o0s2ELcCQmOFWiakBpHZfyrLrk0OKpt0c72g-Q6llmuf2pwZ5773-D5S__7KF4McIC2MqhpiVxv5m7-BmvwZYFEdDKvIzDEdrZbgQzX5rcVcZB9ZqSK9fGuQc5O1JA",
    "id_token": "eyJhbGciOiJSUzI1NiIsImtpZCI6ImUxYWMzOWI2Y2NlZGEzM2NjOGNhNDNlOWNiYzE0ZjY2ZmFiODVhNGMiLCJ0eXAiOiJKV1QifQ.eyJpc3MiOiJodHRwczovL2FjY291bnRzLmdvb2dsZS5jb20iLCJhenAiOiIzMjU1NTk0MDU1OS5hcHBzLmdvb2dsZXVzZXJjb250ZW50LmNvbSIsImF1ZCI6IjMyNTU1OTQwNTU5LmFwcHMuZ29vZ2xldXNlcmNvbnRlbnQuY29tIiwic3ViIjoiMTE3Mjg0MDU4NTUyNjgxNDk4OTAxIiwiZW1haWwiOiJqdWxpYW5ydWl6NzM3QGdtYWlsLmNvbSIsImVtYWlsX3ZlcmlmaWVkIjp0cnVlLCJhdF9oYXNoIjoiZmp5N3ZoNTItMTJCa2h5UW1kTWx5dyIsImlhdCI6MTYxNzU5NTYyOSwiZXhwIjoxNjE3NTk5MjI5fQ.eaF47eZlBrOKhn811Nltet94StgTUcHYvDUpxpA2r8pYz3wZEuDQySyZEK3C_VijBDP5-QeNR4zS9HNh20XrdYjS5aZ3_YGHE05qPddKdNV6dQ3q6Zzmi0lN8p26ch0CTsye59EoyegmFkWyLYXNXMv7DgO1kFTi3pWHEkCnf01pDgXvV-ZW6BocxTA5ZUfHsG_5_Pw1DZfoyTfHjaQU7s6ETdebS2Na3pCP1fez8iIKf82GoITgUXGcIOOXFKxY9KG1H2cd_CxyqVDwWQordfvxQyJxFWi88jqjCY1xhxIjSjI8Qg8aizq6G3qEWiBoAUkSnYIU7fj31c_9OWyepg",
    "token_expiry": "2021-04-05T05:07:08Z"
  },
  "sentinels": {
    "config_sentinel": "/home/jruiz737/.config/gcloud/config_sentinel"
  }
}
2021-04-04 23:07:09,809 INFO     ___FILE_ONLY___ 

